[38;5;112m[Appium][0m Welcome to Appium v2.10.3
[38;5;112m[Appium][0m Non-default server args:
[38;5;112m[Appium][0m { basePath: [32m'/wd/hub'[39m, loglevel: [32m'info'[39m, port: [33m62088[39m }
[38;5;112m[Appium][0m Attempting to load driver uiautomator2...
[38;5;112m[Appium][0m Appium REST http interface listener started on http://0.0.0.0:62088/wd/hub
[38;5;112m[Appium][0m You can provide the following URLs in your client code to connect to this server:
	http://192.168.56.1:62088/wd/hub
	http://192.168.56.2:62088/wd/hub
	http://192.168.10.230:62088/wd/hub
	http://127.0.0.1:62088/wd/hub (only accessible from the same host)
[38;5;112m[Appium][0m Available drivers:
[38;5;112m[Appium][0m   - uiautomator2@3.5.3 (automationName 'UiAutomator2')
[38;5;112m[Appium][0m No plugins have been installed. Use the "appium plugin" command to install the one(s) you want to use.
[38;5;86m[HTTP][0m [37m-->[39m [37mGET[39m [37m/wd/hub/status[39m [90m{}[39m
[38;5;86m[HTTP][0m [37m<-- GET /wd/hub/status [39m[32m200[39m [90m5 ms - 111[39m [90m[39m
[38;5;86m[HTTP][0m [37m-->[39m [37mPOST[39m [37m/wd/hub/session[39m [90m{"desiredCapabilities":{"appium:systemPort":62087,"appium:newCommandTimeout":1800,"appium:automationName":"uiautomator2","appium:fullReset":true,"appium:platformVersion":"11","appium:noReset":false,"appium:udid":"5XU8H68XKNNZMJCY","appium:autoGrantPermissions":true,"appium:platformName":"ANDROID","appium:deviceName":"vivo vivo 1901 (Android 11)","platformName":"Android","appium:app":"C:\\Users\\1331\\Downloads\\Android-MyDemoAppRN.1.3.0.build-244.apk"},"capabilities":{"firstMatch":[{"appium:app":"C:\\Users\\1331\\Downloads\\Android-MyDemoAppRN.1.3.0.build-244.apk","appium:autoGrantPermissions":true,"appium:automationName":"uiautomator2","appium:deviceName":"vivo vivo 1901 (Android 11)","appium:fullReset":true,"appium:newCommandTimeout":1800,"appium:noReset":false,"appium:platformName":"ANDROID","appium:platformVersion":"11","appium:systemPort":62087,"appium:udid":"5XU8H68XKNNZMJCY","platformName":"android"}]}}[39m
[38;5;123m[BaseDriver][0m Ignoring capability 'appium:platformName=ANDROID' and using capability 'platformName=android'
[38;5;123m[BaseDriver][0m The capabilities ["platformName"] are standard capabilities and do not require "appium:" prefix
[38;5;112m[Appium][0m Attempting to find matching driver for automationName 'uiautomator2' and platformName 'android'
[38;5;112m[Appium][0m The 'uiautomator2' driver was installed and matched caps.
[38;5;112m[Appium][0m Will require it at C:\Users\1331\.appium\node_modules\appium-uiautomator2-driver
[38;5;202m[AppiumDriver@177e][0m Appium v2.10.3 creating new AndroidUiautomator2Driver (v3.5.3) session
[38;5;202m[AppiumDriver@177e][0m Checking BaseDriver versions for Appium and AndroidUiautomator2Driver
[38;5;202m[AppiumDriver@177e][0m Appium's BaseDriver version is 9.10.3
[38;5;202m[AppiumDriver@177e][0m AndroidUiautomator2Driver's BaseDriver version is 9.10.3
[38;5;-84m[AndroidUiautomator2Driver@f0c4][0m Session created with session id: 3d16a8f1-091b-4103-9c6d-66d9d492ab30
[38;5;229m[ADB][0m Found 1 'build-tools' folders under 'C:\Users\1331\.katalon\tools\android_sdk' (newest first):
[38;5;229m[ADB][0m     C:\Users\1331\.katalon\tools\android_sdk\build-tools\29.0.3
[38;5;229m[ADB][0m Using 'adb.exe' from 'C:\Users\1331\.katalon\tools\android_sdk\platform-tools\adb.exe'
[38;5;-84m[AndroidUiautomator2Driver@f0c4][0m Retrieving device list
[38;5;-84m[AndroidUiautomator2Driver@f0c4][0m Using device: 5XU8H68XKNNZMJCY
[38;5;229m[ADB][0m Using 'adb.exe' from 'C:\Users\1331\.katalon\tools\android_sdk\platform-tools\adb.exe'
[38;5;123m[BaseDriver][0m Using local app 'C:\Users\1331\Downloads\Android-MyDemoAppRN.1.3.0.build-244.apk'
[38;5;229m[ADB][0m Getting device platform version
[38;5;-84m[AndroidUiautomator2Driver@f0c4][0m Relaxing hidden api policy
[38;5;229m[ADB][0m Package name: 'com.saucelabs.mydemoapp.rn'
[38;5;229m[ADB][0m Main activity name: 'com.saucelabs.mydemoapp.rn.MainActivity'
[38;5;229m[ADB][0m Using 'apksigner.jar' from 'C:\Users\1331\.katalon\tools\android_sdk\build-tools\29.0.3\lib\apksigner.jar'
[38;5;-84m[AndroidUiautomator2Driver@f0c4][0m Server packages are not going to be (re)installed
[38;5;229m[ADB][0m Adding packages ["io.appium.settings","io.appium.uiautomator2.server","io.appium.uiautomator2.server.test"] to Doze whitelist
[38;5;229m[ADB][0m 'C:\Users\1331\Downloads\Android-MyDemoAppRN.1.3.0.build-244.apk' is signed with a non-default certificate
[38;5;229m[ADB][0m com.saucelabs.mydemoapp.rn was not uninstalled, because it was not present on the device
[38;5;229m[ADB][0m The application at 'C:\Users\1331\Downloads\Android-MyDemoAppRN.1.3.0.build-244.apk' will not be cached, because the device under test has confirmed the support of streamed installs
[38;5;229m[ADB][0m The installation of 'Android-MyDemoAppRN.1.3.0.build-244.apk' took 7105ms
[38;5;-84m[AndroidUiautomator2Driver@f0c4][0m Starting UIAutomator2 server 7.0.10
[38;5;-84m[AndroidUiautomator2Driver@f0c4][0m Using UIAutomator2 server from 'C:\Users\1331\.appium\node_modules\appium-uiautomator2-driver\node_modules\appium-uiautomator2-server\apks\appium-uiautomator2-server-v7.0.10.apk' and test from 'C:\Users\1331\.appium\node_modules\appium-uiautomator2-driver\node_modules\appium-uiautomator2-server\apks\appium-uiautomator2-server-debug-androidTest.apk'
[38;5;-84m[AndroidUiautomator2Driver@f0c4][0m Waiting up to 30000ms for UiAutomator2 to be online...
[38;5;-84m[AndroidUiautomator2Driver@f0c4][0m socket hang up
[38;5;-84m[AndroidUiautomator2Driver@f0c4][0m socket hang up
[38;5;-84m[AndroidUiautomator2Driver@f0c4][0m socket hang up
[38;5;-84m[AndroidUiautomator2Driver@f0c4][0m socket hang up
[38;5;-84m[AndroidUiautomator2Driver@f0c4][0m Determined the downstream protocol as 'W3C'
[38;5;-84m[AndroidUiautomator2Driver@f0c4][0m Screen already unlocked, doing nothing
[38;5;-84m[AndroidUiautomator2Driver@f0c4][0m Starting 'com.saucelabs.mydemoapp.rn/com.saucelabs.mydemoapp.rn.MainActivity and waiting for 'com.saucelabs.mydemoapp.rn/com.saucelabs.mydemoapp.rn.MainActivity'
[38;5;202m[AppiumDriver@177e][0m New AndroidUiautomator2Driver session created successfully, session 3d16a8f1-091b-4103-9c6d-66d9d492ab30 added to master session list
[38;5;86m[HTTP][0m [37m<-- POST /wd/hub/session [39m[32m200[39m [90m17275 ms - 1235[39m [90m[39m
[38;5;32m[3d16a8f1][0m[38;5;86m[HTTP][0m [37m-->[39m [37mGET[39m [37m/wd/hub/session/3d16a8f1-091b-4103-9c6d-66d9d492ab30[39m [90m{}[39m
[38;5;32m[3d16a8f1][0m[38;5;86m[HTTP][0m [37m<-- GET /wd/hub/session/3d16a8f1-091b-4103-9c6d-66d9d492ab30 [39m[32m200[39m [90m32 ms - 363[39m [90m[39m
[38;5;32m[3d16a8f1][0m[38;5;86m[HTTP][0m [37m-->[39m [37mGET[39m [37m/wd/hub/session/3d16a8f1-091b-4103-9c6d-66d9d492ab30[39m [90m{}[39m
[38;5;32m[3d16a8f1][0m[38;5;86m[HTTP][0m [37m<-- GET /wd/hub/session/3d16a8f1-091b-4103-9c6d-66d9d492ab30 [39m[32m200[39m [90m27 ms - 363[39m [90m[39m
[38;5;86m[HTTP][0m [37m-->[39m [37mGET[39m [37m/wd/hub/status[39m [90m{}[39m
[38;5;86m[HTTP][0m [37m<-- GET /wd/hub/status [39m[32m200[39m [90m1 ms - 111[39m [90m[39m
[38;5;32m[3d16a8f1][0m[38;5;86m[HTTP][0m [37m-->[39m [37mPOST[39m [37m/wd/hub/session/3d16a8f1-091b-4103-9c6d-66d9d492ab30/timeouts[39m [90m{"implicit":30000}[39m
[38;5;32m[3d16a8f1][0m[38;5;86m[HTTP][0m [37m<-- POST /wd/hub/session/3d16a8f1-091b-4103-9c6d-66d9d492ab30/timeouts [39m[32m200[39m [90m3 ms - 14[39m [90m[39m
[38;5;32m[3d16a8f1][0m[38;5;86m[HTTP][0m [37m-->[39m [37mGET[39m [37m/wd/hub/session/3d16a8f1-091b-4103-9c6d-66d9d492ab30/appium/device/system_bars[39m [90m{}[39m
[38;5;32m[3d16a8f1][0m[38;5;86m[HTTP][0m [37m<-- GET /wd/hub/session/3d16a8f1-091b-4103-9c6d-66d9d492ab30/appium/device/system_bars [39m[32m200[39m [90m222 ms - 148[39m [90m[39m
[38;5;32m[3d16a8f1][0m[38;5;86m[HTTP][0m [37m-->[39m [37mPOST[39m [37m/wd/hub/session/3d16a8f1-091b-4103-9c6d-66d9d492ab30/timeouts[39m [90m{"implicit":50}[39m
[38;5;32m[3d16a8f1][0m[38;5;86m[HTTP][0m [37m<-- POST /wd/hub/session/3d16a8f1-091b-4103-9c6d-66d9d492ab30/timeouts [39m[32m200[39m [90m2 ms - 14[39m [90m[39m
[38;5;32m[3d16a8f1][0m[38;5;86m[HTTP][0m [37m-->[39m [37mGET[39m [37m/wd/hub/session/3d16a8f1-091b-4103-9c6d-66d9d492ab30/window/rect[39m [90m{}[39m
[38;5;32m[3d16a8f1][0m[38;5;86m[HTTP][0m [37m<-- GET /wd/hub/session/3d16a8f1-091b-4103-9c6d-66d9d492ab30/window/rect [39m[32m200[39m [90m32 ms - 49[39m [90m[39m
[38;5;32m[3d16a8f1][0m[38;5;86m[HTTP][0m [37m-->[39m [37mPOST[39m [37m/wd/hub/session/3d16a8f1-091b-4103-9c6d-66d9d492ab30/elements[39m [90m{"using":"xpath","value":"//*[@class = 'android.widget.TextView' and (@text = 'Products' or . = 'Products')]"}[39m
[38;5;32m[3d16a8f1][0m[38;5;86m[HTTP][0m [37m<-- POST /wd/hub/session/3d16a8f1-091b-4103-9c6d-66d9d492ab30/elements [39m[32m200[39m [90m1397 ms - 139[39m [90m[39m
[38;5;32m[3d16a8f1][0m[38;5;86m[HTTP][0m [37m-->[39m [37mGET[39m [37m/wd/hub/session/3d16a8f1-091b-4103-9c6d-66d9d492ab30/element/00000000-0000-047f-ffff-ffff00000032/location[39m [90m{}[39m
[38;5;32m[3d16a8f1][0m[38;5;-84m[AndroidUiautomator2Driver@f0c4][0m Driver proxy active, passing request on via HTTP proxy
[38;5;32m[3d16a8f1][0m[38;5;-84m[AndroidUiautomator2Driver@f0c4][0m Replacing sessionId 5edc5031-264b-4077-a6a9-e9d762df1210 with 3d16a8f1-091b-4103-9c6d-66d9d492ab30
[38;5;32m[3d16a8f1][0m[38;5;86m[HTTP][0m [37m<-- GET /wd/hub/session/3d16a8f1-091b-4103-9c6d-66d9d492ab30/element/00000000-0000-047f-ffff-ffff00000032/location [39m[32m200[39m [90m43 ms - 77[39m [90m[39m
[38;5;32m[3d16a8f1][0m[38;5;86m[HTTP][0m [37m-->[39m [37mPOST[39m [37m/wd/hub/session/3d16a8f1-091b-4103-9c6d-66d9d492ab30/timeouts[39m [90m{"implicit":30000}[39m
[38;5;32m[3d16a8f1][0m[38;5;86m[HTTP][0m [37m<-- POST /wd/hub/session/3d16a8f1-091b-4103-9c6d-66d9d492ab30/timeouts [39m[32m200[39m [90m1 ms - 14[39m [90m[39m
[38;5;32m[3d16a8f1][0m[38;5;86m[HTTP][0m [37m-->[39m [37mGET[39m [37m/wd/hub/session/3d16a8f1-091b-4103-9c6d-66d9d492ab30/context[39m [90m{}[39m
[38;5;32m[3d16a8f1][0m[38;5;86m[HTTP][0m [37m<-- GET /wd/hub/session/3d16a8f1-091b-4103-9c6d-66d9d492ab30/context [39m[32m200[39m [90m2 ms - 22[39m [90m[39m
[38;5;32m[3d16a8f1][0m[38;5;86m[HTTP][0m [37m-->[39m [37mGET[39m [37m/wd/hub/session/3d16a8f1-091b-4103-9c6d-66d9d492ab30/contexts[39m [90m{}[39m
[38;5;32m[3d16a8f1][0m[38;5;-84m[AndroidUiautomator2Driver@f0c4][0m Skipping the webview 'WEBVIEW_25037' at '@webview_devtools_remote_25037' since it has reported having zero pages
[38;5;32m[3d16a8f1][0m[38;5;86m[HTTP][0m [37m<-- GET /wd/hub/session/3d16a8f1-091b-4103-9c6d-66d9d492ab30/contexts [39m[32m200[39m [90m407 ms - 24[39m [90m[39m
[38;5;32m[3d16a8f1][0m[38;5;86m[HTTP][0m [37m-->[39m [37mPOST[39m [37m/wd/hub/session/3d16a8f1-091b-4103-9c6d-66d9d492ab30/context[39m [90m{"name":"NATIVE_APP"}[39m
[38;5;32m[3d16a8f1][0m[38;5;86m[HTTP][0m [37m<-- POST /wd/hub/session/3d16a8f1-091b-4103-9c6d-66d9d492ab30/context [39m[32m200[39m [90m2 ms - 14[39m [90m[39m
[38;5;32m[3d16a8f1][0m[38;5;86m[HTTP][0m [37m-->[39m [37mGET[39m [37m/wd/hub/session/3d16a8f1-091b-4103-9c6d-66d9d492ab30/screenshot[39m [90m{}[39m
[38;5;32m[3d16a8f1][0m[38;5;86m[HTTP][0m [37m<-- GET /wd/hub/session/3d16a8f1-091b-4103-9c6d-66d9d492ab30/screenshot [39m[32m200[39m [90m1061 ms - 835516[39m [90m[39m
[38;5;32m[3d16a8f1][0m[38;5;86m[HTTP][0m [37m-->[39m [37mPOST[39m [37m/wd/hub/session/3d16a8f1-091b-4103-9c6d-66d9d492ab30/context[39m [90m{"name":"NATIVE_APP"}[39m
[38;5;32m[3d16a8f1][0m[38;5;86m[HTTP][0m [37m<-- POST /wd/hub/session/3d16a8f1-091b-4103-9c6d-66d9d492ab30/context [39m[32m200[39m [90m1 ms - 14[39m [90m[39m
[38;5;32m[3d16a8f1][0m[38;5;86m[HTTP][0m [37m-->[39m [37mPOST[39m [37m/wd/hub/session/3d16a8f1-091b-4103-9c6d-66d9d492ab30/timeouts[39m [90m{"implicit":50}[39m
[38;5;32m[3d16a8f1][0m[38;5;86m[HTTP][0m [37m<-- POST /wd/hub/session/3d16a8f1-091b-4103-9c6d-66d9d492ab30/timeouts [39m[32m200[39m [90m2 ms - 14[39m [90m[39m
[38;5;32m[3d16a8f1][0m[38;5;86m[HTTP][0m [37m-->[39m [37mGET[39m [37m/wd/hub/session/3d16a8f1-091b-4103-9c6d-66d9d492ab30/window/rect[39m [90m{}[39m
[38;5;32m[3d16a8f1][0m[38;5;86m[HTTP][0m [37m<-- GET /wd/hub/session/3d16a8f1-091b-4103-9c6d-66d9d492ab30/window/rect [39m[32m200[39m [90m18 ms - 49[39m [90m[39m
[38;5;32m[3d16a8f1][0m[38;5;86m[HTTP][0m [37m-->[39m [37mPOST[39m [37m/wd/hub/session/3d16a8f1-091b-4103-9c6d-66d9d492ab30/elements[39m [90m{"using":"xpath","value":"//*[@class = 'android.widget.ImageView' and (@text = '' or . = '')]"}[39m
[38;5;32m[3d16a8f1][0m[38;5;86m[HTTP][0m [37m<-- POST /wd/hub/session/3d16a8f1-091b-4103-9c6d-66d9d492ab30/elements [39m[32m200[39m [90m656 ms - 1035[39m [90m[39m
[38;5;32m[3d16a8f1][0m[38;5;86m[HTTP][0m [37m-->[39m [37mGET[39m [37m/wd/hub/session/3d16a8f1-091b-4103-9c6d-66d9d492ab30/element/00000000-0000-047f-ffff-ffff00000025/location[39m [90m{}[39m
[38;5;32m[3d16a8f1][0m[38;5;-84m[AndroidUiautomator2Driver@f0c4][0m Driver proxy active, passing request on via HTTP proxy
[38;5;32m[3d16a8f1][0m[38;5;-84m[AndroidUiautomator2Driver@f0c4][0m Replacing sessionId 5edc5031-264b-4077-a6a9-e9d762df1210 with 3d16a8f1-091b-4103-9c6d-66d9d492ab30
[38;5;32m[3d16a8f1][0m[38;5;86m[HTTP][0m [37m<-- GET /wd/hub/session/3d16a8f1-091b-4103-9c6d-66d9d492ab30/element/00000000-0000-047f-ffff-ffff00000025/location [39m[32m200[39m [90m35 ms - 76[39m [90m[39m
[38;5;32m[3d16a8f1][0m[38;5;86m[HTTP][0m [37m-->[39m [37mPOST[39m [37m/wd/hub/session/3d16a8f1-091b-4103-9c6d-66d9d492ab30/timeouts[39m [90m{"implicit":30000}[39m
[38;5;32m[3d16a8f1][0m[38;5;86m[HTTP][0m [37m<-- POST /wd/hub/session/3d16a8f1-091b-4103-9c6d-66d9d492ab30/timeouts [39m[32m200[39m [90m3 ms - 14[39m [90m[39m
[38;5;32m[3d16a8f1][0m[38;5;86m[HTTP][0m [37m-->[39m [37mPOST[39m [37m/wd/hub/session/3d16a8f1-091b-4103-9c6d-66d9d492ab30/element/00000000-0000-047f-ffff-ffff00000025/click[39m [90m{"id":"00000000-0000-047f-ffff-ffff00000025"}[39m
[38;5;32m[3d16a8f1][0m[38;5;86m[HTTP][0m [37m<-- POST /wd/hub/session/3d16a8f1-091b-4103-9c6d-66d9d492ab30/element/00000000-0000-047f-ffff-ffff00000025/click [39m[32m200[39m [90m84 ms - 14[39m [90m[39m
[38;5;32m[3d16a8f1][0m[38;5;86m[HTTP][0m [37m-->[39m [37mGET[39m [37m/wd/hub/session/3d16a8f1-091b-4103-9c6d-66d9d492ab30/context[39m [90m{}[39m
[38;5;32m[3d16a8f1][0m[38;5;86m[HTTP][0m [37m<-- GET /wd/hub/session/3d16a8f1-091b-4103-9c6d-66d9d492ab30/context [39m[32m200[39m [90m1 ms - 22[39m [90m[39m
[38;5;32m[3d16a8f1][0m[38;5;86m[HTTP][0m [37m-->[39m [37mGET[39m [37m/wd/hub/session/3d16a8f1-091b-4103-9c6d-66d9d492ab30/contexts[39m [90m{}[39m
[38;5;32m[3d16a8f1][0m[38;5;-84m[AndroidUiautomator2Driver@f0c4][0m Skipping the webview 'WEBVIEW_25037' at '@webview_devtools_remote_25037' since it has reported having zero pages
[38;5;32m[3d16a8f1][0m[38;5;86m[HTTP][0m [37m<-- GET /wd/hub/session/3d16a8f1-091b-4103-9c6d-66d9d492ab30/contexts [39m[32m200[39m [90m462 ms - 24[39m [90m[39m
[38;5;32m[3d16a8f1][0m[38;5;86m[HTTP][0m [37m-->[39m [37mPOST[39m [37m/wd/hub/session/3d16a8f1-091b-4103-9c6d-66d9d492ab30/context[39m [90m{"name":"NATIVE_APP"}[39m
[38;5;32m[3d16a8f1][0m[38;5;86m[HTTP][0m [37m<-- POST /wd/hub/session/3d16a8f1-091b-4103-9c6d-66d9d492ab30/context [39m[32m200[39m [90m1 ms - 14[39m [90m[39m
[38;5;32m[3d16a8f1][0m[38;5;86m[HTTP][0m [37m-->[39m [37mGET[39m [37m/wd/hub/session/3d16a8f1-091b-4103-9c6d-66d9d492ab30/screenshot[39m [90m{}[39m
[38;5;32m[3d16a8f1][0m[38;5;86m[HTTP][0m [37m<-- GET /wd/hub/session/3d16a8f1-091b-4103-9c6d-66d9d492ab30/screenshot [39m[32m200[39m [90m800 ms - 360300[39m [90m[39m
[38;5;32m[3d16a8f1][0m[38;5;86m[HTTP][0m [37m-->[39m [37mPOST[39m [37m/wd/hub/session/3d16a8f1-091b-4103-9c6d-66d9d492ab30/context[39m [90m{"name":"NATIVE_APP"}[39m
[38;5;32m[3d16a8f1][0m[38;5;86m[HTTP][0m [37m<-- POST /wd/hub/session/3d16a8f1-091b-4103-9c6d-66d9d492ab30/context [39m[32m200[39m [90m2 ms - 14[39m [90m[39m
[38;5;32m[3d16a8f1][0m[38;5;86m[HTTP][0m [37m-->[39m [37mPOST[39m [37m/wd/hub/session/3d16a8f1-091b-4103-9c6d-66d9d492ab30/timeouts[39m [90m{"implicit":50}[39m
[38;5;32m[3d16a8f1][0m[38;5;86m[HTTP][0m [37m<-- POST /wd/hub/session/3d16a8f1-091b-4103-9c6d-66d9d492ab30/timeouts [39m[32m200[39m [90m2 ms - 14[39m [90m[39m
[38;5;32m[3d16a8f1][0m[38;5;86m[HTTP][0m [37m-->[39m [37mGET[39m [37m/wd/hub/session/3d16a8f1-091b-4103-9c6d-66d9d492ab30/window/rect[39m [90m{}[39m
[38;5;32m[3d16a8f1][0m[38;5;86m[HTTP][0m [37m<-- GET /wd/hub/session/3d16a8f1-091b-4103-9c6d-66d9d492ab30/window/rect [39m[32m200[39m [90m16 ms - 49[39m [90m[39m
[38;5;32m[3d16a8f1][0m[38;5;86m[HTTP][0m [37m-->[39m [37mPOST[39m [37m/wd/hub/session/3d16a8f1-091b-4103-9c6d-66d9d492ab30/elements[39m [90m{"using":"xpath","value":"//*[@class = 'android.widget.TextView' and (@text = 'Log In' or . = 'Log In')]"}[39m
[38;5;32m[3d16a8f1][0m[38;5;86m[HTTP][0m [37m<-- POST /wd/hub/session/3d16a8f1-091b-4103-9c6d-66d9d492ab30/elements [39m[32m200[39m [90m551 ms - 139[39m [90m[39m
[38;5;32m[3d16a8f1][0m[38;5;86m[HTTP][0m [37m-->[39m [37mGET[39m [37m/wd/hub/session/3d16a8f1-091b-4103-9c6d-66d9d492ab30/element/00000000-0000-047f-ffff-ffff000000a3/location[39m [90m{}[39m
[38;5;32m[3d16a8f1][0m[38;5;-84m[AndroidUiautomator2Driver@f0c4][0m Driver proxy active, passing request on via HTTP proxy
[38;5;32m[3d16a8f1][0m[38;5;-84m[AndroidUiautomator2Driver@f0c4][0m Replacing sessionId 5edc5031-264b-4077-a6a9-e9d762df1210 with 3d16a8f1-091b-4103-9c6d-66d9d492ab30
[38;5;32m[3d16a8f1][0m[38;5;86m[HTTP][0m [37m<-- GET /wd/hub/session/3d16a8f1-091b-4103-9c6d-66d9d492ab30/element/00000000-0000-047f-ffff-ffff000000a3/location [39m[32m200[39m [90m29 ms - 77[39m [90m[39m
[38;5;32m[3d16a8f1][0m[38;5;86m[HTTP][0m [37m-->[39m [37mPOST[39m [37m/wd/hub/session/3d16a8f1-091b-4103-9c6d-66d9d492ab30/timeouts[39m [90m{"implicit":30000}[39m
[38;5;32m[3d16a8f1][0m[38;5;86m[HTTP][0m [37m<-- POST /wd/hub/session/3d16a8f1-091b-4103-9c6d-66d9d492ab30/timeouts [39m[32m200[39m [90m1 ms - 14[39m [90m[39m
[38;5;32m[3d16a8f1][0m[38;5;86m[HTTP][0m [37m-->[39m [37mPOST[39m [37m/wd/hub/session/3d16a8f1-091b-4103-9c6d-66d9d492ab30/element/00000000-0000-047f-ffff-ffff000000a3/click[39m [90m{"id":"00000000-0000-047f-ffff-ffff000000a3"}[39m
[38;5;32m[3d16a8f1][0m[38;5;86m[HTTP][0m [37m<-- POST /wd/hub/session/3d16a8f1-091b-4103-9c6d-66d9d492ab30/element/00000000-0000-047f-ffff-ffff000000a3/click [39m[32m200[39m [90m96 ms - 14[39m [90m[39m
[38;5;32m[3d16a8f1][0m[38;5;86m[HTTP][0m [37m-->[39m [37mPOST[39m [37m/wd/hub/session/3d16a8f1-091b-4103-9c6d-66d9d492ab30/timeouts[39m [90m{"implicit":50}[39m
[38;5;32m[3d16a8f1][0m[38;5;86m[HTTP][0m [37m<-- POST /wd/hub/session/3d16a8f1-091b-4103-9c6d-66d9d492ab30/timeouts [39m[32m200[39m [90m2 ms - 14[39m [90m[39m
[38;5;32m[3d16a8f1][0m[38;5;86m[HTTP][0m [37m-->[39m [37mGET[39m [37m/wd/hub/session/3d16a8f1-091b-4103-9c6d-66d9d492ab30/window/rect[39m [90m{}[39m
[38;5;32m[3d16a8f1][0m[38;5;86m[HTTP][0m [37m<-- GET /wd/hub/session/3d16a8f1-091b-4103-9c6d-66d9d492ab30/window/rect [39m[32m200[39m [90m19 ms - 49[39m [90m[39m
[38;5;32m[3d16a8f1][0m[38;5;86m[HTTP][0m [37m-->[39m [37mPOST[39m [37m/wd/hub/session/3d16a8f1-091b-4103-9c6d-66d9d492ab30/elements[39m [90m{"using":"xpath","value":"//*[@class = 'android.widget.TextView' and (@text = 'Select a username and password from the list below, or click on the usernames to automatically populate the username and password.' or . = 'Select a username and password from the list below, or click on the usernames to automatically populate the username and password.')]"}[39m
[38;5;32m[3d16a8f1][0m[38;5;86m[HTTP][0m [37m<-- POST /wd/hub/session/3d16a8f1-091b-4103-9c6d-66d9d492ab30/elements [39m[32m200[39m [90m565 ms - 12[39m [90m[39m
[38;5;32m[3d16a8f1][0m[38;5;86m[HTTP][0m [37m-->[39m [37mPOST[39m [37m/wd/hub/session/3d16a8f1-091b-4103-9c6d-66d9d492ab30/elements[39m [90m{"using":"xpath","value":"//*[@class = 'android.widget.TextView' and (@text = 'Select a username and password from the list below, or click on the usernames to automatically populate the username and password.' or . = 'Select a username and password from the list below, or click on the usernames to automatically populate the username and password.')]"}[39m
[38;5;32m[3d16a8f1][0m[38;5;86m[HTTP][0m [37m<-- POST /wd/hub/session/3d16a8f1-091b-4103-9c6d-66d9d492ab30/elements [39m[32m200[39m [90m1354 ms - 139[39m [90m[39m
[38;5;32m[3d16a8f1][0m[38;5;86m[HTTP][0m [37m-->[39m [37mGET[39m [37m/wd/hub/session/3d16a8f1-091b-4103-9c6d-66d9d492ab30/element/00000000-0000-047f-ffff-ffff000000be/location[39m [90m{}[39m
[38;5;32m[3d16a8f1][0m[38;5;-84m[AndroidUiautomator2Driver@f0c4][0m Driver proxy active, passing request on via HTTP proxy
[38;5;32m[3d16a8f1][0m[38;5;-84m[AndroidUiautomator2Driver@f0c4][0m Replacing sessionId 5edc5031-264b-4077-a6a9-e9d762df1210 with 3d16a8f1-091b-4103-9c6d-66d9d492ab30
[38;5;32m[3d16a8f1][0m[38;5;86m[HTTP][0m [37m<-- GET /wd/hub/session/3d16a8f1-091b-4103-9c6d-66d9d492ab30/element/00000000-0000-047f-ffff-ffff000000be/location [39m[32m200[39m [90m63 ms - 77[39m [90m[39m
[38;5;32m[3d16a8f1][0m[38;5;86m[HTTP][0m [37m-->[39m [37mPOST[39m [37m/wd/hub/session/3d16a8f1-091b-4103-9c6d-66d9d492ab30/timeouts[39m [90m{"implicit":30000}[39m
[38;5;32m[3d16a8f1][0m[38;5;86m[HTTP][0m [37m<-- POST /wd/hub/session/3d16a8f1-091b-4103-9c6d-66d9d492ab30/timeouts [39m[32m200[39m [90m2 ms - 14[39m [90m[39m
[38;5;32m[3d16a8f1][0m[38;5;86m[HTTP][0m [37m-->[39m [37mGET[39m [37m/wd/hub/session/3d16a8f1-091b-4103-9c6d-66d9d492ab30/context[39m [90m{}[39m
[38;5;32m[3d16a8f1][0m[38;5;86m[HTTP][0m [37m<-- GET /wd/hub/session/3d16a8f1-091b-4103-9c6d-66d9d492ab30/context [39m[32m200[39m [90m2 ms - 22[39m [90m[39m
[38;5;32m[3d16a8f1][0m[38;5;86m[HTTP][0m [37m-->[39m [37mGET[39m [37m/wd/hub/session/3d16a8f1-091b-4103-9c6d-66d9d492ab30/contexts[39m [90m{}[39m
[38;5;32m[3d16a8f1][0m[38;5;-84m[AndroidUiautomator2Driver@f0c4][0m Skipping the webview 'WEBVIEW_25037' at '@webview_devtools_remote_25037' since it has reported having zero pages
[38;5;32m[3d16a8f1][0m[38;5;86m[HTTP][0m [37m<-- GET /wd/hub/session/3d16a8f1-091b-4103-9c6d-66d9d492ab30/contexts [39m[32m200[39m [90m399 ms - 24[39m [90m[39m
[38;5;32m[3d16a8f1][0m[38;5;86m[HTTP][0m [37m-->[39m [37mPOST[39m [37m/wd/hub/session/3d16a8f1-091b-4103-9c6d-66d9d492ab30/context[39m [90m{"name":"NATIVE_APP"}[39m
[38;5;32m[3d16a8f1][0m[38;5;86m[HTTP][0m [37m<-- POST /wd/hub/session/3d16a8f1-091b-4103-9c6d-66d9d492ab30/context [39m[32m200[39m [90m1 ms - 14[39m [90m[39m
[38;5;32m[3d16a8f1][0m[38;5;86m[HTTP][0m [37m-->[39m [37mGET[39m [37m/wd/hub/session/3d16a8f1-091b-4103-9c6d-66d9d492ab30/screenshot[39m [90m{}[39m
[38;5;32m[3d16a8f1][0m[38;5;86m[HTTP][0m [37m<-- GET /wd/hub/session/3d16a8f1-091b-4103-9c6d-66d9d492ab30/screenshot [39m[32m200[39m [90m544 ms - 101128[39m [90m[39m
[38;5;32m[3d16a8f1][0m[38;5;86m[HTTP][0m [37m-->[39m [37mPOST[39m [37m/wd/hub/session/3d16a8f1-091b-4103-9c6d-66d9d492ab30/context[39m [90m{"name":"NATIVE_APP"}[39m
[38;5;32m[3d16a8f1][0m[38;5;86m[HTTP][0m [37m<-- POST /wd/hub/session/3d16a8f1-091b-4103-9c6d-66d9d492ab30/context [39m[32m200[39m [90m3 ms - 14[39m [90m[39m
[38;5;32m[3d16a8f1][0m[38;5;86m[HTTP][0m [37m-->[39m [37mPOST[39m [37m/wd/hub/session/3d16a8f1-091b-4103-9c6d-66d9d492ab30/timeouts[39m [90m{"implicit":50}[39m
[38;5;32m[3d16a8f1][0m[38;5;86m[HTTP][0m [37m<-- POST /wd/hub/session/3d16a8f1-091b-4103-9c6d-66d9d492ab30/timeouts [39m[32m200[39m [90m2 ms - 14[39m [90m[39m
[38;5;32m[3d16a8f1][0m[38;5;86m[HTTP][0m [37m-->[39m [37mGET[39m [37m/wd/hub/session/3d16a8f1-091b-4103-9c6d-66d9d492ab30/window/rect[39m [90m{}[39m
[38;5;32m[3d16a8f1][0m[38;5;86m[HTTP][0m [37m<-- GET /wd/hub/session/3d16a8f1-091b-4103-9c6d-66d9d492ab30/window/rect [39m[32m200[39m [90m19 ms - 49[39m [90m[39m
[38;5;32m[3d16a8f1][0m[38;5;86m[HTTP][0m [37m-->[39m [37mPOST[39m [37m/wd/hub/session/3d16a8f1-091b-4103-9c6d-66d9d492ab30/elements[39m [90m{"using":"xpath","value":"//hierarchy/android.widget.FrameLayout[1]/android.widget.LinearLayout[1]/android.widget.FrameLayout[1]/android.widget.LinearLayout[1]/android.widget.FrameLayout[1]/android.widget.FrameLayout[1]/android.view.ViewGroup[1]/android.view.ViewGroup[1]/android.view.ViewGroup[1]/android.view.ViewGroup[1]/android.view.ViewGroup[1]/android.view.ViewGroup[1]/android.widget.FrameLayout[1]/android.view.ViewGroup[1]/android.view.ViewGroup[1]/android.view.ViewGroup[1]/android.view.ViewGroup[1]/android.view.ViewGroup[1]/android.widget.FrameLayout[1]/android.view.ViewGroup[1]/android.view.ViewGroup[1]/android.view.ViewGroup[2]/android.view.ViewGroup[1]/android.view.ViewGroup[1]/android.view.ViewGroup[2]/android.widget.ScrollView[1]/android.view.ViewGroup[1]/android.widget.EditText[1]"}[39m
[38;5;32m[3d16a8f1][0m[38;5;86m[HTTP][0m [37m<-- POST /wd/hub/session/3d16a8f1-091b-4103-9c6d-66d9d492ab30/elements [39m[32m200[39m [90m227 ms - 139[39m [90m[39m
[38;5;32m[3d16a8f1][0m[38;5;86m[HTTP][0m [37m-->[39m [37mGET[39m [37m/wd/hub/session/3d16a8f1-091b-4103-9c6d-66d9d492ab30/element/00000000-0000-047f-ffff-ffff000000c0/location[39m [90m{}[39m
[38;5;32m[3d16a8f1][0m[38;5;-84m[AndroidUiautomator2Driver@f0c4][0m Driver proxy active, passing request on via HTTP proxy
[38;5;32m[3d16a8f1][0m[38;5;-84m[AndroidUiautomator2Driver@f0c4][0m Replacing sessionId 5edc5031-264b-4077-a6a9-e9d762df1210 with 3d16a8f1-091b-4103-9c6d-66d9d492ab30
[38;5;32m[3d16a8f1][0m[38;5;86m[HTTP][0m [37m<-- GET /wd/hub/session/3d16a8f1-091b-4103-9c6d-66d9d492ab30/element/00000000-0000-047f-ffff-ffff000000c0/location [39m[32m200[39m [90m33 ms - 77[39m [90m[39m
[38;5;32m[3d16a8f1][0m[38;5;86m[HTTP][0m [37m-->[39m [37mPOST[39m [37m/wd/hub/session/3d16a8f1-091b-4103-9c6d-66d9d492ab30/timeouts[39m [90m{"implicit":30000}[39m
[38;5;32m[3d16a8f1][0m[38;5;86m[HTTP][0m [37m<-- POST /wd/hub/session/3d16a8f1-091b-4103-9c6d-66d9d492ab30/timeouts [39m[32m200[39m [90m1 ms - 14[39m [90m[39m
[38;5;32m[3d16a8f1][0m[38;5;86m[HTTP][0m [37m-->[39m [37mPOST[39m [37m/wd/hub/session/3d16a8f1-091b-4103-9c6d-66d9d492ab30/element/00000000-0000-047f-ffff-ffff000000c0/clear[39m [90m{"id":"00000000-0000-047f-ffff-ffff000000c0"}[39m
[38;5;32m[3d16a8f1][0m[38;5;86m[HTTP][0m [37m<-- POST /wd/hub/session/3d16a8f1-091b-4103-9c6d-66d9d492ab30/element/00000000-0000-047f-ffff-ffff000000c0/clear [39m[32m200[39m [90m46 ms - 14[39m [90m[39m
[38;5;32m[3d16a8f1][0m[38;5;86m[HTTP][0m [37m-->[39m [37mPOST[39m [37m/wd/hub/session/3d16a8f1-091b-4103-9c6d-66d9d492ab30/element/00000000-0000-047f-ffff-ffff000000c0/click[39m [90m{"id":"00000000-0000-047f-ffff-ffff000000c0"}[39m
[38;5;32m[3d16a8f1][0m[38;5;86m[HTTP][0m [37m<-- POST /wd/hub/session/3d16a8f1-091b-4103-9c6d-66d9d492ab30/element/00000000-0000-047f-ffff-ffff000000c0/click [39m[32m200[39m [90m1496 ms - 14[39m [90m[39m
[38;5;32m[3d16a8f1][0m[38;5;86m[HTTP][0m [37m-->[39m [37mPOST[39m [37m/wd/hub/session/3d16a8f1-091b-4103-9c6d-66d9d492ab30/element/00000000-0000-047f-ffff-ffff000000c0/value[39m [90m{"id":"00000000-0000-047f-ffff-ffff000000c0","text":"bob@example.com","value":["b","o","b","@","e","x","a","m","p","l","e",".","c","o","m"]}[39m
[38;5;32m[3d16a8f1][0m[38;5;86m[HTTP][0m [37m<-- POST /wd/hub/session/3d16a8f1-091b-4103-9c6d-66d9d492ab30/element/00000000-0000-047f-ffff-ffff000000c0/value [39m[32m200[39m [90m87 ms - 14[39m [90m[39m
[38;5;32m[3d16a8f1][0m[38;5;86m[HTTP][0m [37m-->[39m [37mPOST[39m [37m/wd/hub/session/3d16a8f1-091b-4103-9c6d-66d9d492ab30/timeouts[39m [90m{"implicit":50}[39m
[38;5;32m[3d16a8f1][0m[38;5;86m[HTTP][0m [37m<-- POST /wd/hub/session/3d16a8f1-091b-4103-9c6d-66d9d492ab30/timeouts [39m[32m200[39m [90m5 ms - 14[39m [90m[39m
[38;5;32m[3d16a8f1][0m[38;5;86m[HTTP][0m [37m-->[39m [37mGET[39m [37m/wd/hub/session/3d16a8f1-091b-4103-9c6d-66d9d492ab30/window/rect[39m [90m{}[39m
[38;5;32m[3d16a8f1][0m[38;5;86m[HTTP][0m [37m<-- GET /wd/hub/session/3d16a8f1-091b-4103-9c6d-66d9d492ab30/window/rect [39m[32m200[39m [90m23 ms - 49[39m [90m[39m
[38;5;32m[3d16a8f1][0m[38;5;86m[HTTP][0m [37m-->[39m [37mPOST[39m [37m/wd/hub/session/3d16a8f1-091b-4103-9c6d-66d9d492ab30/elements[39m [90m{"using":"xpath","value":"//hierarchy/android.widget.FrameLayout[1]/android.widget.LinearLayout[1]/android.widget.FrameLayout[1]/android.widget.LinearLayout[1]/android.widget.FrameLayout[1]/android.widget.FrameLayout[1]/android.view.ViewGroup[1]/android.view.ViewGroup[1]/android.view.ViewGroup[1]/android.view.ViewGroup[1]/android.view.ViewGroup[1]/android.view.ViewGroup[1]/android.widget.FrameLayout[1]/android.view.ViewGroup[1]/android.view.ViewGroup[1]/android.view.ViewGroup[1]/android.view.ViewGroup[1]/android.view.ViewGroup[1]/android.widget.FrameLayout[1]/android.view.ViewGroup[1]/android.view.ViewGroup[1]/android.view.ViewGroup[2]/android.view.ViewGroup[1]/android.view.ViewGroup[1]/android.view.ViewGroup[2]/android.widget.ScrollView[1]/android.view.ViewGroup[1]/android.widget.EditText[2]"}[39m
[38;5;32m[3d16a8f1][0m[38;5;86m[HTTP][0m [37m<-- POST /wd/hub/session/3d16a8f1-091b-4103-9c6d-66d9d492ab30/elements [39m[32m200[39m [90m757 ms - 139[39m [90m[39m
[38;5;32m[3d16a8f1][0m[38;5;86m[HTTP][0m [37m-->[39m [37mGET[39m [37m/wd/hub/session/3d16a8f1-091b-4103-9c6d-66d9d492ab30/element/00000000-0000-047f-ffff-ffff000000c3/location[39m [90m{}[39m
[38;5;32m[3d16a8f1][0m[38;5;-84m[AndroidUiautomator2Driver@f0c4][0m Driver proxy active, passing request on via HTTP proxy
[38;5;32m[3d16a8f1][0m[38;5;-84m[AndroidUiautomator2Driver@f0c4][0m Replacing sessionId 5edc5031-264b-4077-a6a9-e9d762df1210 with 3d16a8f1-091b-4103-9c6d-66d9d492ab30
[38;5;32m[3d16a8f1][0m[38;5;86m[HTTP][0m [37m<-- GET /wd/hub/session/3d16a8f1-091b-4103-9c6d-66d9d492ab30/element/00000000-0000-047f-ffff-ffff000000c3/location [39m[32m200[39m [90m30 ms - 77[39m [90m[39m
[38;5;32m[3d16a8f1][0m[38;5;86m[HTTP][0m [37m-->[39m [37mPOST[39m [37m/wd/hub/session/3d16a8f1-091b-4103-9c6d-66d9d492ab30/timeouts[39m [90m{"implicit":30000}[39m
[38;5;32m[3d16a8f1][0m[38;5;86m[HTTP][0m [37m<-- POST /wd/hub/session/3d16a8f1-091b-4103-9c6d-66d9d492ab30/timeouts [39m[32m200[39m [90m2 ms - 14[39m [90m[39m
[38;5;32m[3d16a8f1][0m[38;5;86m[HTTP][0m [37m-->[39m [37mPOST[39m [37m/wd/hub/session/3d16a8f1-091b-4103-9c6d-66d9d492ab30/element/00000000-0000-047f-ffff-ffff000000c3/clear[39m [90m{"id":"00000000-0000-047f-ffff-ffff000000c3"}[39m
[38;5;32m[3d16a8f1][0m[38;5;86m[HTTP][0m [37m<-- POST /wd/hub/session/3d16a8f1-091b-4103-9c6d-66d9d492ab30/element/00000000-0000-047f-ffff-ffff000000c3/clear [39m[32m200[39m [90m31 ms - 14[39m [90m[39m
[38;5;32m[3d16a8f1][0m[38;5;86m[HTTP][0m [37m-->[39m [37mPOST[39m [37m/wd/hub/session/3d16a8f1-091b-4103-9c6d-66d9d492ab30/element/00000000-0000-047f-ffff-ffff000000c3/value[39m [90m{"id":"00000000-0000-047f-ffff-ffff000000c3","text":"10203040","value":["1","0","2","0","3","0","4","0"]}[39m
[38;5;32m[3d16a8f1][0m[38;5;86m[HTTP][0m [37m<-- POST /wd/hub/session/3d16a8f1-091b-4103-9c6d-66d9d492ab30/element/00000000-0000-047f-ffff-ffff000000c3/value [39m[32m200[39m [90m526 ms - 14[39m [90m[39m
[38;5;32m[3d16a8f1][0m[38;5;86m[HTTP][0m [37m-->[39m [37mGET[39m [37m/wd/hub/session/3d16a8f1-091b-4103-9c6d-66d9d492ab30/context[39m [90m{}[39m
[38;5;32m[3d16a8f1][0m[38;5;86m[HTTP][0m [37m<-- GET /wd/hub/session/3d16a8f1-091b-4103-9c6d-66d9d492ab30/context [39m[32m200[39m [90m1 ms - 22[39m [90m[39m
[38;5;32m[3d16a8f1][0m[38;5;86m[HTTP][0m [37m-->[39m [37mGET[39m [37m/wd/hub/session/3d16a8f1-091b-4103-9c6d-66d9d492ab30/contexts[39m [90m{}[39m
[38;5;32m[3d16a8f1][0m[38;5;-84m[AndroidUiautomator2Driver@f0c4][0m Skipping the webview 'WEBVIEW_25037' at '@webview_devtools_remote_25037' since it has reported having zero pages
[38;5;32m[3d16a8f1][0m[38;5;86m[HTTP][0m [37m<-- GET /wd/hub/session/3d16a8f1-091b-4103-9c6d-66d9d492ab30/contexts [39m[32m200[39m [90m374 ms - 24[39m [90m[39m
[38;5;32m[3d16a8f1][0m[38;5;86m[HTTP][0m [37m-->[39m [37mPOST[39m [37m/wd/hub/session/3d16a8f1-091b-4103-9c6d-66d9d492ab30/context[39m [90m{"name":"NATIVE_APP"}[39m
[38;5;32m[3d16a8f1][0m[38;5;86m[HTTP][0m [37m<-- POST /wd/hub/session/3d16a8f1-091b-4103-9c6d-66d9d492ab30/context [39m[32m200[39m [90m1 ms - 14[39m [90m[39m
[38;5;32m[3d16a8f1][0m[38;5;86m[HTTP][0m [37m-->[39m [37mPOST[39m [37m/wd/hub/session/3d16a8f1-091b-4103-9c6d-66d9d492ab30/appium/device/hide_keyboard[39m [90m{}[39m
[38;5;32m[3d16a8f1][0m[38;5;86m[HTTP][0m [37m<-- POST /wd/hub/session/3d16a8f1-091b-4103-9c6d-66d9d492ab30/appium/device/hide_keyboard [39m[32m200[39m [90m2516 ms - 14[39m [90m[39m
[38;5;32m[3d16a8f1][0m[38;5;86m[HTTP][0m [37m-->[39m [37mPOST[39m [37m/wd/hub/session/3d16a8f1-091b-4103-9c6d-66d9d492ab30/context[39m [90m{"name":"NATIVE_APP"}[39m
[38;5;32m[3d16a8f1][0m[38;5;86m[HTTP][0m [37m<-- POST /wd/hub/session/3d16a8f1-091b-4103-9c6d-66d9d492ab30/context [39m[32m200[39m [90m2 ms - 14[39m [90m[39m
[38;5;32m[3d16a8f1][0m[38;5;86m[HTTP][0m [37m-->[39m [37mGET[39m [37m/wd/hub/session/3d16a8f1-091b-4103-9c6d-66d9d492ab30/context[39m [90m{}[39m
[38;5;32m[3d16a8f1][0m[38;5;86m[HTTP][0m [37m<-- GET /wd/hub/session/3d16a8f1-091b-4103-9c6d-66d9d492ab30/context [39m[32m200[39m [90m2 ms - 22[39m [90m[39m
[38;5;32m[3d16a8f1][0m[38;5;86m[HTTP][0m [37m-->[39m [37mGET[39m [37m/wd/hub/session/3d16a8f1-091b-4103-9c6d-66d9d492ab30/contexts[39m [90m{}[39m
[38;5;32m[3d16a8f1][0m[38;5;-84m[AndroidUiautomator2Driver@f0c4][0m Skipping the webview 'WEBVIEW_25037' at '@webview_devtools_remote_25037' since it has reported having zero pages
[38;5;32m[3d16a8f1][0m[38;5;86m[HTTP][0m [37m<-- GET /wd/hub/session/3d16a8f1-091b-4103-9c6d-66d9d492ab30/contexts [39m[32m200[39m [90m409 ms - 24[39m [90m[39m
[38;5;32m[3d16a8f1][0m[38;5;86m[HTTP][0m [37m-->[39m [37mPOST[39m [37m/wd/hub/session/3d16a8f1-091b-4103-9c6d-66d9d492ab30/context[39m [90m{"name":"NATIVE_APP"}[39m
[38;5;32m[3d16a8f1][0m[38;5;86m[HTTP][0m [37m<-- POST /wd/hub/session/3d16a8f1-091b-4103-9c6d-66d9d492ab30/context [39m[32m200[39m [90m1 ms - 14[39m [90m[39m
[38;5;32m[3d16a8f1][0m[38;5;86m[HTTP][0m [37m-->[39m [37mGET[39m [37m/wd/hub/session/3d16a8f1-091b-4103-9c6d-66d9d492ab30/screenshot[39m [90m{}[39m
[38;5;32m[3d16a8f1][0m[38;5;86m[HTTP][0m [37m<-- GET /wd/hub/session/3d16a8f1-091b-4103-9c6d-66d9d492ab30/screenshot [39m[32m200[39m [90m531 ms - 109144[39m [90m[39m
[38;5;32m[3d16a8f1][0m[38;5;86m[HTTP][0m [37m-->[39m [37mPOST[39m [37m/wd/hub/session/3d16a8f1-091b-4103-9c6d-66d9d492ab30/context[39m [90m{"name":"NATIVE_APP"}[39m
[38;5;32m[3d16a8f1][0m[38;5;86m[HTTP][0m [37m<-- POST /wd/hub/session/3d16a8f1-091b-4103-9c6d-66d9d492ab30/context [39m[32m200[39m [90m1 ms - 14[39m [90m[39m
[38;5;32m[3d16a8f1][0m[38;5;86m[HTTP][0m [37m-->[39m [37mPOST[39m [37m/wd/hub/session/3d16a8f1-091b-4103-9c6d-66d9d492ab30/timeouts[39m [90m{"implicit":50}[39m
[38;5;32m[3d16a8f1][0m[38;5;86m[HTTP][0m [37m<-- POST /wd/hub/session/3d16a8f1-091b-4103-9c6d-66d9d492ab30/timeouts [39m[32m200[39m [90m2 ms - 14[39m [90m[39m
[38;5;32m[3d16a8f1][0m[38;5;86m[HTTP][0m [37m-->[39m [37mGET[39m [37m/wd/hub/session/3d16a8f1-091b-4103-9c6d-66d9d492ab30/window/rect[39m [90m{}[39m
[38;5;32m[3d16a8f1][0m[38;5;86m[HTTP][0m [37m<-- GET /wd/hub/session/3d16a8f1-091b-4103-9c6d-66d9d492ab30/window/rect [39m[32m200[39m [90m22 ms - 49[39m [90m[39m
[38;5;32m[3d16a8f1][0m[38;5;86m[HTTP][0m [37m-->[39m [37mPOST[39m [37m/wd/hub/session/3d16a8f1-091b-4103-9c6d-66d9d492ab30/elements[39m [90m{"using":"xpath","value":"//hierarchy/android.widget.FrameLayout[1]/android.widget.LinearLayout[1]/android.widget.FrameLayout[1]/android.widget.LinearLayout[1]/android.widget.FrameLayout[1]/android.widget.FrameLayout[1]/android.view.ViewGroup[1]/android.view.ViewGroup[1]/android.view.ViewGroup[1]/android.view.ViewGroup[1]/android.view.ViewGroup[1]/android.view.ViewGroup[1]/android.widget.FrameLayout[1]/android.view.ViewGroup[1]/android.view.ViewGroup[1]/android.view.ViewGroup[1]/android.view.ViewGroup[1]/android.view.ViewGroup[1]/android.widget.FrameLayout[1]/android.view.ViewGroup[1]/android.view.ViewGroup[1]/android.view.ViewGroup[2]/android.view.ViewGroup[1]/android.view.ViewGroup[1]/android.view.ViewGroup[2]/android.widget.ScrollView[1]/android.view.ViewGroup[1]/android.view.ViewGroup[5]"}[39m
[38;5;32m[3d16a8f1][0m[38;5;86m[HTTP][0m [37m<-- POST /wd/hub/session/3d16a8f1-091b-4103-9c6d-66d9d492ab30/elements [39m[32m200[39m [90m190 ms - 139[39m [90m[39m
[38;5;32m[3d16a8f1][0m[38;5;86m[HTTP][0m [37m-->[39m [37mGET[39m [37m/wd/hub/session/3d16a8f1-091b-4103-9c6d-66d9d492ab30/element/00000000-0000-047f-ffff-ffff000000c6/location[39m [90m{}[39m
[38;5;32m[3d16a8f1][0m[38;5;-84m[AndroidUiautomator2Driver@f0c4][0m Driver proxy active, passing request on via HTTP proxy
[38;5;32m[3d16a8f1][0m[38;5;-84m[AndroidUiautomator2Driver@f0c4][0m Replacing sessionId 5edc5031-264b-4077-a6a9-e9d762df1210 with 3d16a8f1-091b-4103-9c6d-66d9d492ab30
[38;5;32m[3d16a8f1][0m[38;5;86m[HTTP][0m [37m<-- GET /wd/hub/session/3d16a8f1-091b-4103-9c6d-66d9d492ab30/element/00000000-0000-047f-ffff-ffff000000c6/location [39m[32m200[39m [90m34 ms - 78[39m [90m[39m
[38;5;32m[3d16a8f1][0m[38;5;86m[HTTP][0m [37m-->[39m [37mPOST[39m [37m/wd/hub/session/3d16a8f1-091b-4103-9c6d-66d9d492ab30/timeouts[39m [90m{"implicit":30000}[39m
[38;5;32m[3d16a8f1][0m[38;5;86m[HTTP][0m [37m<-- POST /wd/hub/session/3d16a8f1-091b-4103-9c6d-66d9d492ab30/timeouts [39m[32m200[39m [90m2 ms - 14[39m [90m[39m
[38;5;32m[3d16a8f1][0m[38;5;86m[HTTP][0m [37m-->[39m [37mPOST[39m [37m/wd/hub/session/3d16a8f1-091b-4103-9c6d-66d9d492ab30/element/00000000-0000-047f-ffff-ffff000000c6/click[39m [90m{"id":"00000000-0000-047f-ffff-ffff000000c6"}[39m
[38;5;32m[3d16a8f1][0m[38;5;86m[HTTP][0m [37m<-- POST /wd/hub/session/3d16a8f1-091b-4103-9c6d-66d9d492ab30/element/00000000-0000-047f-ffff-ffff000000c6/click [39m[32m200[39m [90m96 ms - 14[39m [90m[39m
[38;5;32m[3d16a8f1][0m[38;5;86m[HTTP][0m [37m-->[39m [37mPOST[39m [37m/wd/hub/session/3d16a8f1-091b-4103-9c6d-66d9d492ab30/timeouts[39m [90m{"implicit":50}[39m
[38;5;32m[3d16a8f1][0m[38;5;86m[HTTP][0m [37m<-- POST /wd/hub/session/3d16a8f1-091b-4103-9c6d-66d9d492ab30/timeouts [39m[32m200[39m [90m2 ms - 14[39m [90m[39m
[38;5;32m[3d16a8f1][0m[38;5;86m[HTTP][0m [37m-->[39m [37mGET[39m [37m/wd/hub/session/3d16a8f1-091b-4103-9c6d-66d9d492ab30/window/rect[39m [90m{}[39m
[38;5;32m[3d16a8f1][0m[38;5;86m[HTTP][0m [37m<-- GET /wd/hub/session/3d16a8f1-091b-4103-9c6d-66d9d492ab30/window/rect [39m[32m200[39m [90m16 ms - 49[39m [90m[39m
[38;5;32m[3d16a8f1][0m[38;5;86m[HTTP][0m [37m-->[39m [37mPOST[39m [37m/wd/hub/session/3d16a8f1-091b-4103-9c6d-66d9d492ab30/elements[39m [90m{"using":"xpath","value":"//*[@class = 'android.widget.TextView' and (@text = 'Products' or . = 'Products')]"}[39m
[38;5;32m[3d16a8f1][0m[38;5;86m[HTTP][0m [37m<-- POST /wd/hub/session/3d16a8f1-091b-4103-9c6d-66d9d492ab30/elements [39m[32m200[39m [90m221 ms - 12[39m [90m[39m
[38;5;32m[3d16a8f1][0m[38;5;86m[HTTP][0m [37m-->[39m [37mPOST[39m [37m/wd/hub/session/3d16a8f1-091b-4103-9c6d-66d9d492ab30/elements[39m [90m{"using":"xpath","value":"//*[@class = 'android.widget.TextView' and (@text = 'Products' or . = 'Products')]"}[39m
[38;5;32m[3d16a8f1][0m[38;5;86m[HTTP][0m [37m<-- POST /wd/hub/session/3d16a8f1-091b-4103-9c6d-66d9d492ab30/elements [39m[32m200[39m [90m243 ms - 12[39m [90m[39m
[38;5;32m[3d16a8f1][0m[38;5;86m[HTTP][0m [37m-->[39m [37mPOST[39m [37m/wd/hub/session/3d16a8f1-091b-4103-9c6d-66d9d492ab30/elements[39m [90m{"using":"xpath","value":"//*[@class = 'android.widget.TextView' and (@text = 'Products' or . = 'Products')]"}[39m
[38;5;32m[3d16a8f1][0m[38;5;86m[HTTP][0m [37m<-- POST /wd/hub/session/3d16a8f1-091b-4103-9c6d-66d9d492ab30/elements [39m[32m200[39m [90m379 ms - 139[39m [90m[39m
[38;5;32m[3d16a8f1][0m[38;5;86m[HTTP][0m [37m-->[39m [37mGET[39m [37m/wd/hub/session/3d16a8f1-091b-4103-9c6d-66d9d492ab30/element/00000000-0000-047f-ffff-ffff00000032/location[39m [90m{}[39m
[38;5;32m[3d16a8f1][0m[38;5;-84m[AndroidUiautomator2Driver@f0c4][0m Driver proxy active, passing request on via HTTP proxy
[38;5;32m[3d16a8f1][0m[38;5;-84m[AndroidUiautomator2Driver@f0c4][0m Replacing sessionId 5edc5031-264b-4077-a6a9-e9d762df1210 with 3d16a8f1-091b-4103-9c6d-66d9d492ab30
[38;5;32m[3d16a8f1][0m[38;5;86m[HTTP][0m [37m<-- GET /wd/hub/session/3d16a8f1-091b-4103-9c6d-66d9d492ab30/element/00000000-0000-047f-ffff-ffff00000032/location [39m[32m200[39m [90m202 ms - 77[39m [90m[39m
[38;5;32m[3d16a8f1][0m[38;5;86m[HTTP][0m [37m-->[39m [37mPOST[39m [37m/wd/hub/session/3d16a8f1-091b-4103-9c6d-66d9d492ab30/timeouts[39m [90m{"implicit":30000}[39m
[38;5;32m[3d16a8f1][0m[38;5;86m[HTTP][0m [37m<-- POST /wd/hub/session/3d16a8f1-091b-4103-9c6d-66d9d492ab30/timeouts [39m[32m200[39m [90m1 ms - 14[39m [90m[39m
[38;5;32m[3d16a8f1][0m[38;5;86m[HTTP][0m [37m-->[39m [37mPOST[39m [37m/wd/hub/session/3d16a8f1-091b-4103-9c6d-66d9d492ab30/timeouts[39m [90m{"implicit":50}[39m
[38;5;32m[3d16a8f1][0m[38;5;86m[HTTP][0m [37m<-- POST /wd/hub/session/3d16a8f1-091b-4103-9c6d-66d9d492ab30/timeouts [39m[32m200[39m [90m3 ms - 14[39m [90m[39m
[38;5;32m[3d16a8f1][0m[38;5;86m[HTTP][0m [37m-->[39m [37mGET[39m [37m/wd/hub/session/3d16a8f1-091b-4103-9c6d-66d9d492ab30/window/rect[39m [90m{}[39m
[38;5;32m[3d16a8f1][0m[38;5;86m[HTTP][0m [37m<-- GET /wd/hub/session/3d16a8f1-091b-4103-9c6d-66d9d492ab30/window/rect [39m[32m200[39m [90m25 ms - 49[39m [90m[39m
[38;5;32m[3d16a8f1][0m[38;5;86m[HTTP][0m [37m-->[39m [37mPOST[39m [37m/wd/hub/session/3d16a8f1-091b-4103-9c6d-66d9d492ab30/elements[39m [90m{"using":"xpath","value":"//*[@class = 'android.view.ViewGroup' and (@text = '' or . = '')]"}[39m
[38;5;32m[3d16a8f1][0m[38;5;86m[HTTP][0m [37m<-- POST /wd/hub/session/3d16a8f1-091b-4103-9c6d-66d9d492ab30/elements [39m[32m200[39m [90m435 ms - 7563[39m [90m[39m
[38;5;32m[3d16a8f1][0m[38;5;86m[HTTP][0m [37m-->[39m [37mGET[39m [37m/wd/hub/session/3d16a8f1-091b-4103-9c6d-66d9d492ab30/element/00000000-0000-047f-ffff-ffff0000000b/location[39m [90m{}[39m
[38;5;32m[3d16a8f1][0m[38;5;-84m[AndroidUiautomator2Driver@f0c4][0m Driver proxy active, passing request on via HTTP proxy
[38;5;32m[3d16a8f1][0m[38;5;-84m[AndroidUiautomator2Driver@f0c4][0m Replacing sessionId 5edc5031-264b-4077-a6a9-e9d762df1210 with 3d16a8f1-091b-4103-9c6d-66d9d492ab30
[38;5;32m[3d16a8f1][0m[38;5;86m[HTTP][0m [37m<-- GET /wd/hub/session/3d16a8f1-091b-4103-9c6d-66d9d492ab30/element/00000000-0000-047f-ffff-ffff0000000b/location [39m[32m200[39m [90m25 ms - 75[39m [90m[39m
[38;5;32m[3d16a8f1][0m[38;5;86m[HTTP][0m [37m-->[39m [37mPOST[39m [37m/wd/hub/session/3d16a8f1-091b-4103-9c6d-66d9d492ab30/timeouts[39m [90m{"implicit":30000}[39m
[38;5;32m[3d16a8f1][0m[38;5;86m[HTTP][0m [37m<-- POST /wd/hub/session/3d16a8f1-091b-4103-9c6d-66d9d492ab30/timeouts [39m[32m200[39m [90m2 ms - 14[39m [90m[39m
[38;5;32m[3d16a8f1][0m[38;5;86m[HTTP][0m [37m-->[39m [37mPOST[39m [37m/wd/hub/session/3d16a8f1-091b-4103-9c6d-66d9d492ab30/element/00000000-0000-047f-ffff-ffff0000000b/click[39m [90m{"id":"00000000-0000-047f-ffff-ffff0000000b"}[39m
[38;5;32m[3d16a8f1][0m[38;5;86m[HTTP][0m [37m<-- POST /wd/hub/session/3d16a8f1-091b-4103-9c6d-66d9d492ab30/element/00000000-0000-047f-ffff-ffff0000000b/click [39m[32m200[39m [90m81 ms - 14[39m [90m[39m
[38;5;32m[3d16a8f1][0m[38;5;86m[HTTP][0m [37m-->[39m [37mGET[39m [37m/wd/hub/session/3d16a8f1-091b-4103-9c6d-66d9d492ab30/context[39m [90m{}[39m
[38;5;32m[3d16a8f1][0m[38;5;86m[HTTP][0m [37m<-- GET /wd/hub/session/3d16a8f1-091b-4103-9c6d-66d9d492ab30/context [39m[32m200[39m [90m1 ms - 22[39m [90m[39m
[38;5;32m[3d16a8f1][0m[38;5;86m[HTTP][0m [37m-->[39m [37mGET[39m [37m/wd/hub/session/3d16a8f1-091b-4103-9c6d-66d9d492ab30/contexts[39m [90m{}[39m
[38;5;32m[3d16a8f1][0m[38;5;-84m[AndroidUiautomator2Driver@f0c4][0m Skipping the webview 'WEBVIEW_25037' at '@webview_devtools_remote_25037' since it has reported having zero pages
[38;5;32m[3d16a8f1][0m[38;5;86m[HTTP][0m [37m<-- GET /wd/hub/session/3d16a8f1-091b-4103-9c6d-66d9d492ab30/contexts [39m[32m200[39m [90m417 ms - 24[39m [90m[39m
[38;5;32m[3d16a8f1][0m[38;5;86m[HTTP][0m [37m-->[39m [37mPOST[39m [37m/wd/hub/session/3d16a8f1-091b-4103-9c6d-66d9d492ab30/context[39m [90m{"name":"NATIVE_APP"}[39m
[38;5;32m[3d16a8f1][0m[38;5;86m[HTTP][0m [37m<-- POST /wd/hub/session/3d16a8f1-091b-4103-9c6d-66d9d492ab30/context [39m[32m200[39m [90m2 ms - 14[39m [90m[39m
[38;5;32m[3d16a8f1][0m[38;5;86m[HTTP][0m [37m-->[39m [37mGET[39m [37m/wd/hub/session/3d16a8f1-091b-4103-9c6d-66d9d492ab30/screenshot[39m [90m{}[39m
[38;5;32m[3d16a8f1][0m[38;5;86m[HTTP][0m [37m<-- GET /wd/hub/session/3d16a8f1-091b-4103-9c6d-66d9d492ab30/screenshot [39m[32m200[39m [90m1040 ms - 835112[39m [90m[39m
[38;5;32m[3d16a8f1][0m[38;5;86m[HTTP][0m [37m-->[39m [37mPOST[39m [37m/wd/hub/session/3d16a8f1-091b-4103-9c6d-66d9d492ab30/context[39m [90m{"name":"NATIVE_APP"}[39m
[38;5;32m[3d16a8f1][0m[38;5;86m[HTTP][0m [37m<-- POST /wd/hub/session/3d16a8f1-091b-4103-9c6d-66d9d492ab30/context [39m[32m200[39m [90m1 ms - 14[39m [90m[39m
[38;5;32m[3d16a8f1][0m[38;5;86m[HTTP][0m [37m-->[39m [37mGET[39m [37m/wd/hub/session/3d16a8f1-091b-4103-9c6d-66d9d492ab30/context[39m [90m{}[39m
[38;5;32m[3d16a8f1][0m[38;5;86m[HTTP][0m [37m<-- GET /wd/hub/session/3d16a8f1-091b-4103-9c6d-66d9d492ab30/context [39m[32m200[39m [90m2 ms - 22[39m [90m[39m
[38;5;32m[3d16a8f1][0m[38;5;86m[HTTP][0m [37m-->[39m [37mGET[39m [37m/wd/hub/session/3d16a8f1-091b-4103-9c6d-66d9d492ab30/contexts[39m [90m{}[39m
[38;5;32m[3d16a8f1][0m[38;5;-84m[AndroidUiautomator2Driver@f0c4][0m Skipping the webview 'WEBVIEW_25037' at '@webview_devtools_remote_25037' since it has reported having zero pages
[38;5;32m[3d16a8f1][0m[38;5;86m[HTTP][0m [37m<-- GET /wd/hub/session/3d16a8f1-091b-4103-9c6d-66d9d492ab30/contexts [39m[32m200[39m [90m346 ms - 24[39m [90m[39m
[38;5;32m[3d16a8f1][0m[38;5;86m[HTTP][0m [37m-->[39m [37mPOST[39m [37m/wd/hub/session/3d16a8f1-091b-4103-9c6d-66d9d492ab30/context[39m [90m{"name":"NATIVE_APP"}[39m
[38;5;32m[3d16a8f1][0m[38;5;86m[HTTP][0m [37m<-- POST /wd/hub/session/3d16a8f1-091b-4103-9c6d-66d9d492ab30/context [39m[32m200[39m [90m1 ms - 14[39m [90m[39m
[38;5;32m[3d16a8f1][0m[38;5;86m[HTTP][0m [37m-->[39m [37mGET[39m [37m/wd/hub/session/3d16a8f1-091b-4103-9c6d-66d9d492ab30/appium/device/current_package[39m [90m{}[39m
[38;5;32m[3d16a8f1][0m[38;5;86m[HTTP][0m [37m<-- GET /wd/hub/session/3d16a8f1-091b-4103-9c6d-66d9d492ab30/appium/device/current_package [39m[32m200[39m [90m123 ms - 38[39m [90m[39m
[38;5;32m[3d16a8f1][0m[38;5;86m[HTTP][0m [37m-->[39m [37mPOST[39m [37m/wd/hub/session/3d16a8f1-091b-4103-9c6d-66d9d492ab30/appium/device/terminate_app[39m [90m{"bundleId":"com.saucelabs.mydemoapp.rn"}[39m
[38;5;32m[3d16a8f1][0m[38;5;-84m[AndroidUiautomator2Driver@f0c4][0m Terminating 'com.saucelabs.mydemoapp.rn'
[38;5;32m[3d16a8f1][0m[38;5;-84m[AndroidUiautomator2Driver@f0c4][0m Querying the state of 'com.saucelabs.mydemoapp.rn'
[38;5;32m[3d16a8f1][0m[38;5;-84m[AndroidUiautomator2Driver@f0c4][0m 'com.saucelabs.mydemoapp.rn' has been successfully terminated
[38;5;32m[3d16a8f1][0m[38;5;86m[HTTP][0m [37m<-- POST /wd/hub/session/3d16a8f1-091b-4103-9c6d-66d9d492ab30/appium/device/terminate_app [39m[32m200[39m [90m720 ms - 14[39m [90m[39m
[38;5;32m[3d16a8f1][0m[38;5;86m[HTTP][0m [37m-->[39m [37mPOST[39m [37m/wd/hub/session/3d16a8f1-091b-4103-9c6d-66d9d492ab30/context[39m [90m{"name":"NATIVE_APP"}[39m
[38;5;32m[3d16a8f1][0m[38;5;86m[HTTP][0m [37m<-- POST /wd/hub/session/3d16a8f1-091b-4103-9c6d-66d9d492ab30/context [39m[32m200[39m [90m1 ms - 14[39m [90m[39m
[38;5;32m[3d16a8f1][0m[38;5;86m[HTTP][0m [37m-->[39m [37mDELETE[39m [37m/wd/hub/session/3d16a8f1-091b-4103-9c6d-66d9d492ab30[39m [90m{}[39m
[38;5;32m[3d16a8f1][0m[38;5;202m[AppiumDriver@177e][0m Removing session 3d16a8f1-091b-4103-9c6d-66d9d492ab30 from our master session list
[38;5;32m[3d16a8f1][0m[38;5;229m[ADB][0m com.saucelabs.mydemoapp.rn was successfully uninstalled
[38;5;32m[3d16a8f1][0m[38;5;-84m[AndroidUiautomator2Driver@f0c4][0m Restoring hidden api policy to the device default configuration
[38;5;32m[3d16a8f1][0m[38;5;86m[HTTP][0m [37m<-- DELETE /wd/hub/session/3d16a8f1-091b-4103-9c6d-66d9d492ab30 [39m[32m200[39m [90m2086 ms - 14[39m [90m[39m
