[38;5;112m[Appium][0m Welcome to Appium v2.10.3
[38;5;112m[Appium][0m Non-default server args:
[38;5;112m[Appium][0m { basePath: [32m'/wd/hub'[39m, loglevel: [32m'info'[39m, port: [33m62629[39m }
[38;5;112m[Appium][0m Attempting to load driver uiautomator2...
[38;5;112m[Appium][0m Appium REST http interface listener started on http://0.0.0.0:62629/wd/hub
[38;5;112m[Appium][0m You can provide the following URLs in your client code to connect to this server:
	http://192.168.56.1:62629/wd/hub
	http://192.168.56.2:62629/wd/hub
	http://192.168.10.230:62629/wd/hub
	http://127.0.0.1:62629/wd/hub (only accessible from the same host)
[38;5;112m[Appium][0m Available drivers:
[38;5;112m[Appium][0m   - uiautomator2@3.5.3 (automationName 'UiAutomator2')
[38;5;112m[Appium][0m No plugins have been installed. Use the "appium plugin" command to install the one(s) you want to use.
[38;5;86m[HTTP][0m [37m-->[39m [37mGET[39m [37m/wd/hub/status[39m [90m{}[39m
[38;5;86m[HTTP][0m [37m<-- GET /wd/hub/status [39m[32m200[39m [90m8 ms - 111[39m [90m[39m
[38;5;86m[HTTP][0m [37m-->[39m [37mPOST[39m [37m/wd/hub/session[39m [90m{"desiredCapabilities":{"appium:systemPort":62628,"appium:newCommandTimeout":1800,"appium:automationName":"uiautomator2","appium:fullReset":true,"appium:platformVersion":"11","appium:noReset":false,"appium:udid":"5XU8H68XKNNZMJCY","appium:autoGrantPermissions":true,"appium:platformName":"ANDROID","appium:deviceName":"vivo vivo 1901 (Android 11)","platformName":"Android","appium:app":"C:\\Users\\1331\\Downloads\\Android-MyDemoAppRN.1.3.0.build-244.apk"},"capabilities":{"firstMatch":[{"appium:app":"C:\\Users\\1331\\Downloads\\Android-MyDemoAppRN.1.3.0.build-244.apk","appium:autoGrantPermissions":true,"appium:automationName":"uiautomator2","appium:deviceName":"vivo vivo 1901 (Android 11)","appium:fullReset":true,"appium:newCommandTimeout":1800,"appium:noReset":false,"appium:platformName":"ANDROID","appium:platformVersion":"11","appium:systemPort":62628,"appium:udid":"5XU8H68XKNNZMJCY","platformName":"android"}]}}[39m
[38;5;123m[BaseDriver][0m Ignoring capability 'appium:platformName=ANDROID' and using capability 'platformName=android'
[38;5;123m[BaseDriver][0m The capabilities ["platformName"] are standard capabilities and do not require "appium:" prefix
[38;5;112m[Appium][0m Attempting to find matching driver for automationName 'uiautomator2' and platformName 'android'
[38;5;112m[Appium][0m The 'uiautomator2' driver was installed and matched caps.
[38;5;112m[Appium][0m Will require it at C:\Users\1331\.appium\node_modules\appium-uiautomator2-driver
[38;5;91m[AppiumDriver@02ba][0m Appium v2.10.3 creating new AndroidUiautomator2Driver (v3.5.3) session
[38;5;91m[AppiumDriver@02ba][0m Checking BaseDriver versions for Appium and AndroidUiautomator2Driver
[38;5;91m[AppiumDriver@02ba][0m Appium's BaseDriver version is 9.10.3
[38;5;91m[AppiumDriver@02ba][0m AndroidUiautomator2Driver's BaseDriver version is 9.10.3
[38;5;-122m[AndroidUiautomator2Driver@c2c1][0m Session created with session id: 74fbf2b1-2ec0-4ec0-8359-cd456c4fdb8b
[38;5;229m[ADB][0m Found 1 'build-tools' folders under 'C:\Users\1331\.katalon\tools\android_sdk' (newest first):
[38;5;229m[ADB][0m     C:\Users\1331\.katalon\tools\android_sdk\build-tools\29.0.3
[38;5;229m[ADB][0m Using 'adb.exe' from 'C:\Users\1331\.katalon\tools\android_sdk\platform-tools\adb.exe'
[38;5;-122m[AndroidUiautomator2Driver@c2c1][0m Retrieving device list
[38;5;-122m[AndroidUiautomator2Driver@c2c1][0m Using device: 5XU8H68XKNNZMJCY
[38;5;229m[ADB][0m Using 'adb.exe' from 'C:\Users\1331\.katalon\tools\android_sdk\platform-tools\adb.exe'
[38;5;123m[BaseDriver][0m Using local app 'C:\Users\1331\Downloads\Android-MyDemoAppRN.1.3.0.build-244.apk'
[38;5;229m[ADB][0m Getting device platform version
[38;5;-122m[AndroidUiautomator2Driver@c2c1][0m Relaxing hidden api policy
[38;5;229m[ADB][0m Package name: 'com.saucelabs.mydemoapp.rn'
[38;5;229m[ADB][0m Main activity name: 'com.saucelabs.mydemoapp.rn.MainActivity'
[38;5;229m[ADB][0m Using 'apksigner.jar' from 'C:\Users\1331\.katalon\tools\android_sdk\build-tools\29.0.3\lib\apksigner.jar'
[38;5;-122m[AndroidUiautomator2Driver@c2c1][0m Server packages are not going to be (re)installed
[38;5;229m[ADB][0m Adding packages ["io.appium.settings","io.appium.uiautomator2.server","io.appium.uiautomator2.server.test"] to Doze whitelist
[38;5;229m[ADB][0m 'C:\Users\1331\Downloads\Android-MyDemoAppRN.1.3.0.build-244.apk' is signed with a non-default certificate
[38;5;229m[ADB][0m com.saucelabs.mydemoapp.rn was not uninstalled, because it was not present on the device
[38;5;229m[ADB][0m The application at 'C:\Users\1331\Downloads\Android-MyDemoAppRN.1.3.0.build-244.apk' will not be cached, because the device under test has confirmed the support of streamed installs
[38;5;229m[ADB][0m The installation of 'Android-MyDemoAppRN.1.3.0.build-244.apk' took 7352ms
[38;5;-122m[AndroidUiautomator2Driver@c2c1][0m Starting UIAutomator2 server 7.0.10
[38;5;-122m[AndroidUiautomator2Driver@c2c1][0m Using UIAutomator2 server from 'C:\Users\1331\.appium\node_modules\appium-uiautomator2-driver\node_modules\appium-uiautomator2-server\apks\appium-uiautomator2-server-v7.0.10.apk' and test from 'C:\Users\1331\.appium\node_modules\appium-uiautomator2-driver\node_modules\appium-uiautomator2-server\apks\appium-uiautomator2-server-debug-androidTest.apk'
[38;5;-122m[AndroidUiautomator2Driver@c2c1][0m Waiting up to 30000ms for UiAutomator2 to be online...
[38;5;-122m[AndroidUiautomator2Driver@c2c1][0m socket hang up
[38;5;-122m[AndroidUiautomator2Driver@c2c1][0m socket hang up
[38;5;-122m[AndroidUiautomator2Driver@c2c1][0m socket hang up
[38;5;-122m[AndroidUiautomator2Driver@c2c1][0m socket hang up
[38;5;-122m[AndroidUiautomator2Driver@c2c1][0m Determined the downstream protocol as 'W3C'
[38;5;-122m[AndroidUiautomator2Driver@c2c1][0m Screen already unlocked, doing nothing
[38;5;-122m[AndroidUiautomator2Driver@c2c1][0m Starting 'com.saucelabs.mydemoapp.rn/com.saucelabs.mydemoapp.rn.MainActivity and waiting for 'com.saucelabs.mydemoapp.rn/com.saucelabs.mydemoapp.rn.MainActivity'
[38;5;91m[AppiumDriver@02ba][0m New AndroidUiautomator2Driver session created successfully, session 74fbf2b1-2ec0-4ec0-8359-cd456c4fdb8b added to master session list
[38;5;86m[HTTP][0m [37m<-- POST /wd/hub/session [39m[32m200[39m [90m17955 ms - 1235[39m [90m[39m
[38;5;94m[74fbf2b1][0m[38;5;86m[HTTP][0m [37m-->[39m [37mGET[39m [37m/wd/hub/session/74fbf2b1-2ec0-4ec0-8359-cd456c4fdb8b[39m [90m{}[39m
[38;5;94m[74fbf2b1][0m[38;5;86m[HTTP][0m [37m<-- GET /wd/hub/session/74fbf2b1-2ec0-4ec0-8359-cd456c4fdb8b [39m[32m200[39m [90m23 ms - 363[39m [90m[39m
[38;5;94m[74fbf2b1][0m[38;5;86m[HTTP][0m [37m-->[39m [37mGET[39m [37m/wd/hub/session/74fbf2b1-2ec0-4ec0-8359-cd456c4fdb8b[39m [90m{}[39m
[38;5;94m[74fbf2b1][0m[38;5;86m[HTTP][0m [37m<-- GET /wd/hub/session/74fbf2b1-2ec0-4ec0-8359-cd456c4fdb8b [39m[32m200[39m [90m17 ms - 363[39m [90m[39m
[38;5;86m[HTTP][0m [37m-->[39m [37mGET[39m [37m/wd/hub/status[39m [90m{}[39m
[38;5;86m[HTTP][0m [37m<-- GET /wd/hub/status [39m[32m200[39m [90m2 ms - 111[39m [90m[39m
[38;5;94m[74fbf2b1][0m[38;5;86m[HTTP][0m [37m-->[39m [37mPOST[39m [37m/wd/hub/session/74fbf2b1-2ec0-4ec0-8359-cd456c4fdb8b/timeouts[39m [90m{"implicit":30000}[39m
[38;5;94m[74fbf2b1][0m[38;5;86m[HTTP][0m [37m<-- POST /wd/hub/session/74fbf2b1-2ec0-4ec0-8359-cd456c4fdb8b/timeouts [39m[32m200[39m [90m5 ms - 14[39m [90m[39m
[38;5;94m[74fbf2b1][0m[38;5;86m[HTTP][0m [37m-->[39m [37mGET[39m [37m/wd/hub/session/74fbf2b1-2ec0-4ec0-8359-cd456c4fdb8b/appium/device/system_bars[39m [90m{}[39m
[38;5;94m[74fbf2b1][0m[38;5;86m[HTTP][0m [37m<-- GET /wd/hub/session/74fbf2b1-2ec0-4ec0-8359-cd456c4fdb8b/appium/device/system_bars [39m[32m200[39m [90m203 ms - 148[39m [90m[39m
[38;5;94m[74fbf2b1][0m[38;5;86m[HTTP][0m [37m-->[39m [37mPOST[39m [37m/wd/hub/session/74fbf2b1-2ec0-4ec0-8359-cd456c4fdb8b/timeouts[39m [90m{"implicit":50}[39m
[38;5;94m[74fbf2b1][0m[38;5;86m[HTTP][0m [37m<-- POST /wd/hub/session/74fbf2b1-2ec0-4ec0-8359-cd456c4fdb8b/timeouts [39m[32m200[39m [90m3 ms - 14[39m [90m[39m
[38;5;94m[74fbf2b1][0m[38;5;86m[HTTP][0m [37m-->[39m [37mGET[39m [37m/wd/hub/session/74fbf2b1-2ec0-4ec0-8359-cd456c4fdb8b/window/rect[39m [90m{}[39m
[38;5;94m[74fbf2b1][0m[38;5;86m[HTTP][0m [37m<-- GET /wd/hub/session/74fbf2b1-2ec0-4ec0-8359-cd456c4fdb8b/window/rect [39m[32m200[39m [90m29 ms - 49[39m [90m[39m
[38;5;94m[74fbf2b1][0m[38;5;86m[HTTP][0m [37m-->[39m [37mPOST[39m [37m/wd/hub/session/74fbf2b1-2ec0-4ec0-8359-cd456c4fdb8b/elements[39m [90m{"using":"xpath","value":"//*[@class = 'android.widget.TextView' and (@text = 'Products' or . = 'Products')]"}[39m
[38;5;94m[74fbf2b1][0m[38;5;86m[HTTP][0m [37m<-- POST /wd/hub/session/74fbf2b1-2ec0-4ec0-8359-cd456c4fdb8b/elements [39m[32m200[39m [90m1530 ms - 139[39m [90m[39m
[38;5;94m[74fbf2b1][0m[38;5;86m[HTTP][0m [37m-->[39m [37mGET[39m [37m/wd/hub/session/74fbf2b1-2ec0-4ec0-8359-cd456c4fdb8b/element/00000000-0000-0491-ffff-ffff00000032/location[39m [90m{}[39m
[38;5;94m[74fbf2b1][0m[38;5;-122m[AndroidUiautomator2Driver@c2c1][0m Driver proxy active, passing request on via HTTP proxy
[38;5;94m[74fbf2b1][0m[38;5;-122m[AndroidUiautomator2Driver@c2c1][0m Replacing sessionId 0603195c-edc5-4b97-9db5-21fbcdee34c0 with 74fbf2b1-2ec0-4ec0-8359-cd456c4fdb8b
[38;5;94m[74fbf2b1][0m[38;5;86m[HTTP][0m [37m<-- GET /wd/hub/session/74fbf2b1-2ec0-4ec0-8359-cd456c4fdb8b/element/00000000-0000-0491-ffff-ffff00000032/location [39m[32m200[39m [90m34 ms - 77[39m [90m[39m
[38;5;94m[74fbf2b1][0m[38;5;86m[HTTP][0m [37m-->[39m [37mPOST[39m [37m/wd/hub/session/74fbf2b1-2ec0-4ec0-8359-cd456c4fdb8b/timeouts[39m [90m{"implicit":30000}[39m
[38;5;94m[74fbf2b1][0m[38;5;86m[HTTP][0m [37m<-- POST /wd/hub/session/74fbf2b1-2ec0-4ec0-8359-cd456c4fdb8b/timeouts [39m[32m200[39m [90m3 ms - 14[39m [90m[39m
[38;5;94m[74fbf2b1][0m[38;5;86m[HTTP][0m [37m-->[39m [37mGET[39m [37m/wd/hub/session/74fbf2b1-2ec0-4ec0-8359-cd456c4fdb8b/context[39m [90m{}[39m
[38;5;94m[74fbf2b1][0m[38;5;86m[HTTP][0m [37m<-- GET /wd/hub/session/74fbf2b1-2ec0-4ec0-8359-cd456c4fdb8b/context [39m[32m200[39m [90m2 ms - 22[39m [90m[39m
[38;5;94m[74fbf2b1][0m[38;5;86m[HTTP][0m [37m-->[39m [37mGET[39m [37m/wd/hub/session/74fbf2b1-2ec0-4ec0-8359-cd456c4fdb8b/contexts[39m [90m{}[39m
[38;5;94m[74fbf2b1][0m[38;5;-122m[AndroidUiautomator2Driver@c2c1][0m Skipping the webview 'WEBVIEW_26716' at '@webview_devtools_remote_26716' since it has reported having zero pages
[38;5;94m[74fbf2b1][0m[38;5;86m[HTTP][0m [37m<-- GET /wd/hub/session/74fbf2b1-2ec0-4ec0-8359-cd456c4fdb8b/contexts [39m[32m200[39m [90m496 ms - 24[39m [90m[39m
[38;5;94m[74fbf2b1][0m[38;5;86m[HTTP][0m [37m-->[39m [37mPOST[39m [37m/wd/hub/session/74fbf2b1-2ec0-4ec0-8359-cd456c4fdb8b/context[39m [90m{"name":"NATIVE_APP"}[39m
[38;5;94m[74fbf2b1][0m[38;5;86m[HTTP][0m [37m<-- POST /wd/hub/session/74fbf2b1-2ec0-4ec0-8359-cd456c4fdb8b/context [39m[32m200[39m [90m4 ms - 14[39m [90m[39m
[38;5;94m[74fbf2b1][0m[38;5;86m[HTTP][0m [37m-->[39m [37mGET[39m [37m/wd/hub/session/74fbf2b1-2ec0-4ec0-8359-cd456c4fdb8b/screenshot[39m [90m{}[39m
[38;5;94m[74fbf2b1][0m[38;5;86m[HTTP][0m [37m<-- GET /wd/hub/session/74fbf2b1-2ec0-4ec0-8359-cd456c4fdb8b/screenshot [39m[32m200[39m [90m1009 ms - 835564[39m [90m[39m
[38;5;94m[74fbf2b1][0m[38;5;86m[HTTP][0m [37m-->[39m [37mPOST[39m [37m/wd/hub/session/74fbf2b1-2ec0-4ec0-8359-cd456c4fdb8b/context[39m [90m{"name":"NATIVE_APP"}[39m
[38;5;94m[74fbf2b1][0m[38;5;86m[HTTP][0m [37m<-- POST /wd/hub/session/74fbf2b1-2ec0-4ec0-8359-cd456c4fdb8b/context [39m[32m200[39m [90m2 ms - 14[39m [90m[39m
[38;5;94m[74fbf2b1][0m[38;5;86m[HTTP][0m [37m-->[39m [37mPOST[39m [37m/wd/hub/session/74fbf2b1-2ec0-4ec0-8359-cd456c4fdb8b/timeouts[39m [90m{"implicit":50}[39m
[38;5;94m[74fbf2b1][0m[38;5;86m[HTTP][0m [37m<-- POST /wd/hub/session/74fbf2b1-2ec0-4ec0-8359-cd456c4fdb8b/timeouts [39m[32m200[39m [90m2 ms - 14[39m [90m[39m
[38;5;94m[74fbf2b1][0m[38;5;86m[HTTP][0m [37m-->[39m [37mGET[39m [37m/wd/hub/session/74fbf2b1-2ec0-4ec0-8359-cd456c4fdb8b/window/rect[39m [90m{}[39m
[38;5;94m[74fbf2b1][0m[38;5;86m[HTTP][0m [37m<-- GET /wd/hub/session/74fbf2b1-2ec0-4ec0-8359-cd456c4fdb8b/window/rect [39m[32m200[39m [90m24 ms - 49[39m [90m[39m
[38;5;94m[74fbf2b1][0m[38;5;86m[HTTP][0m [37m-->[39m [37mPOST[39m [37m/wd/hub/session/74fbf2b1-2ec0-4ec0-8359-cd456c4fdb8b/elements[39m [90m{"using":"xpath","value":"//*[@class = 'android.widget.ImageView' and (@text = '' or . = '')]"}[39m
[38;5;94m[74fbf2b1][0m[38;5;86m[HTTP][0m [37m<-- POST /wd/hub/session/74fbf2b1-2ec0-4ec0-8359-cd456c4fdb8b/elements [39m[32m200[39m [90m780 ms - 1035[39m [90m[39m
[38;5;94m[74fbf2b1][0m[38;5;86m[HTTP][0m [37m-->[39m [37mGET[39m [37m/wd/hub/session/74fbf2b1-2ec0-4ec0-8359-cd456c4fdb8b/element/00000000-0000-0491-ffff-ffff00000025/location[39m [90m{}[39m
[38;5;94m[74fbf2b1][0m[38;5;-122m[AndroidUiautomator2Driver@c2c1][0m Driver proxy active, passing request on via HTTP proxy
[38;5;94m[74fbf2b1][0m[38;5;-122m[AndroidUiautomator2Driver@c2c1][0m Replacing sessionId 0603195c-edc5-4b97-9db5-21fbcdee34c0 with 74fbf2b1-2ec0-4ec0-8359-cd456c4fdb8b
[38;5;94m[74fbf2b1][0m[38;5;86m[HTTP][0m [37m<-- GET /wd/hub/session/74fbf2b1-2ec0-4ec0-8359-cd456c4fdb8b/element/00000000-0000-0491-ffff-ffff00000025/location [39m[32m200[39m [90m35 ms - 76[39m [90m[39m
[38;5;94m[74fbf2b1][0m[38;5;86m[HTTP][0m [37m-->[39m [37mPOST[39m [37m/wd/hub/session/74fbf2b1-2ec0-4ec0-8359-cd456c4fdb8b/timeouts[39m [90m{"implicit":30000}[39m
[38;5;94m[74fbf2b1][0m[38;5;86m[HTTP][0m [37m<-- POST /wd/hub/session/74fbf2b1-2ec0-4ec0-8359-cd456c4fdb8b/timeouts [39m[32m200[39m [90m3 ms - 14[39m [90m[39m
[38;5;94m[74fbf2b1][0m[38;5;86m[HTTP][0m [37m-->[39m [37mPOST[39m [37m/wd/hub/session/74fbf2b1-2ec0-4ec0-8359-cd456c4fdb8b/element/00000000-0000-0491-ffff-ffff00000025/click[39m [90m{"id":"00000000-0000-0491-ffff-ffff00000025"}[39m
[38;5;94m[74fbf2b1][0m[38;5;86m[HTTP][0m [37m<-- POST /wd/hub/session/74fbf2b1-2ec0-4ec0-8359-cd456c4fdb8b/element/00000000-0000-0491-ffff-ffff00000025/click [39m[32m200[39m [90m94 ms - 14[39m [90m[39m
[38;5;94m[74fbf2b1][0m[38;5;86m[HTTP][0m [37m-->[39m [37mGET[39m [37m/wd/hub/session/74fbf2b1-2ec0-4ec0-8359-cd456c4fdb8b/context[39m [90m{}[39m
[38;5;94m[74fbf2b1][0m[38;5;86m[HTTP][0m [37m<-- GET /wd/hub/session/74fbf2b1-2ec0-4ec0-8359-cd456c4fdb8b/context [39m[32m200[39m [90m2 ms - 22[39m [90m[39m
[38;5;94m[74fbf2b1][0m[38;5;86m[HTTP][0m [37m-->[39m [37mGET[39m [37m/wd/hub/session/74fbf2b1-2ec0-4ec0-8359-cd456c4fdb8b/contexts[39m [90m{}[39m
[38;5;94m[74fbf2b1][0m[38;5;-122m[AndroidUiautomator2Driver@c2c1][0m Skipping the webview 'WEBVIEW_26716' at '@webview_devtools_remote_26716' since it has reported having zero pages
[38;5;94m[74fbf2b1][0m[38;5;86m[HTTP][0m [37m<-- GET /wd/hub/session/74fbf2b1-2ec0-4ec0-8359-cd456c4fdb8b/contexts [39m[32m200[39m [90m587 ms - 24[39m [90m[39m
[38;5;94m[74fbf2b1][0m[38;5;86m[HTTP][0m [37m-->[39m [37mPOST[39m [37m/wd/hub/session/74fbf2b1-2ec0-4ec0-8359-cd456c4fdb8b/context[39m [90m{"name":"NATIVE_APP"}[39m
[38;5;94m[74fbf2b1][0m[38;5;86m[HTTP][0m [37m<-- POST /wd/hub/session/74fbf2b1-2ec0-4ec0-8359-cd456c4fdb8b/context [39m[32m200[39m [90m2 ms - 14[39m [90m[39m
[38;5;94m[74fbf2b1][0m[38;5;86m[HTTP][0m [37m-->[39m [37mGET[39m [37m/wd/hub/session/74fbf2b1-2ec0-4ec0-8359-cd456c4fdb8b/screenshot[39m [90m{}[39m
[38;5;94m[74fbf2b1][0m[38;5;86m[HTTP][0m [37m<-- GET /wd/hub/session/74fbf2b1-2ec0-4ec0-8359-cd456c4fdb8b/screenshot [39m[32m200[39m [90m837 ms - 359960[39m [90m[39m
[38;5;94m[74fbf2b1][0m[38;5;86m[HTTP][0m [37m-->[39m [37mPOST[39m [37m/wd/hub/session/74fbf2b1-2ec0-4ec0-8359-cd456c4fdb8b/context[39m [90m{"name":"NATIVE_APP"}[39m
[38;5;94m[74fbf2b1][0m[38;5;86m[HTTP][0m [37m<-- POST /wd/hub/session/74fbf2b1-2ec0-4ec0-8359-cd456c4fdb8b/context [39m[32m200[39m [90m3 ms - 14[39m [90m[39m
[38;5;94m[74fbf2b1][0m[38;5;86m[HTTP][0m [37m-->[39m [37mPOST[39m [37m/wd/hub/session/74fbf2b1-2ec0-4ec0-8359-cd456c4fdb8b/timeouts[39m [90m{"implicit":50}[39m
[38;5;94m[74fbf2b1][0m[38;5;86m[HTTP][0m [37m<-- POST /wd/hub/session/74fbf2b1-2ec0-4ec0-8359-cd456c4fdb8b/timeouts [39m[32m200[39m [90m2 ms - 14[39m [90m[39m
[38;5;94m[74fbf2b1][0m[38;5;86m[HTTP][0m [37m-->[39m [37mGET[39m [37m/wd/hub/session/74fbf2b1-2ec0-4ec0-8359-cd456c4fdb8b/window/rect[39m [90m{}[39m
[38;5;94m[74fbf2b1][0m[38;5;86m[HTTP][0m [37m<-- GET /wd/hub/session/74fbf2b1-2ec0-4ec0-8359-cd456c4fdb8b/window/rect [39m[32m200[39m [90m22 ms - 49[39m [90m[39m
[38;5;94m[74fbf2b1][0m[38;5;86m[HTTP][0m [37m-->[39m [37mPOST[39m [37m/wd/hub/session/74fbf2b1-2ec0-4ec0-8359-cd456c4fdb8b/elements[39m [90m{"using":"xpath","value":"//*[@class = 'android.widget.TextView' and (@text = 'Log In' or . = 'Log In')]"}[39m
[38;5;94m[74fbf2b1][0m[38;5;86m[HTTP][0m [37m<-- POST /wd/hub/session/74fbf2b1-2ec0-4ec0-8359-cd456c4fdb8b/elements [39m[32m200[39m [90m631 ms - 139[39m [90m[39m
[38;5;94m[74fbf2b1][0m[38;5;86m[HTTP][0m [37m-->[39m [37mGET[39m [37m/wd/hub/session/74fbf2b1-2ec0-4ec0-8359-cd456c4fdb8b/element/00000000-0000-0491-ffff-ffff000000a3/location[39m [90m{}[39m
[38;5;94m[74fbf2b1][0m[38;5;-122m[AndroidUiautomator2Driver@c2c1][0m Driver proxy active, passing request on via HTTP proxy
[38;5;94m[74fbf2b1][0m[38;5;-122m[AndroidUiautomator2Driver@c2c1][0m Replacing sessionId 0603195c-edc5-4b97-9db5-21fbcdee34c0 with 74fbf2b1-2ec0-4ec0-8359-cd456c4fdb8b
[38;5;94m[74fbf2b1][0m[38;5;86m[HTTP][0m [37m<-- GET /wd/hub/session/74fbf2b1-2ec0-4ec0-8359-cd456c4fdb8b/element/00000000-0000-0491-ffff-ffff000000a3/location [39m[32m200[39m [90m30 ms - 77[39m [90m[39m
[38;5;94m[74fbf2b1][0m[38;5;86m[HTTP][0m [37m-->[39m [37mPOST[39m [37m/wd/hub/session/74fbf2b1-2ec0-4ec0-8359-cd456c4fdb8b/timeouts[39m [90m{"implicit":30000}[39m
[38;5;94m[74fbf2b1][0m[38;5;86m[HTTP][0m [37m<-- POST /wd/hub/session/74fbf2b1-2ec0-4ec0-8359-cd456c4fdb8b/timeouts [39m[32m200[39m [90m2 ms - 14[39m [90m[39m
[38;5;94m[74fbf2b1][0m[38;5;86m[HTTP][0m [37m-->[39m [37mPOST[39m [37m/wd/hub/session/74fbf2b1-2ec0-4ec0-8359-cd456c4fdb8b/element/00000000-0000-0491-ffff-ffff000000a3/click[39m [90m{"id":"00000000-0000-0491-ffff-ffff000000a3"}[39m
[38;5;94m[74fbf2b1][0m[38;5;86m[HTTP][0m [37m<-- POST /wd/hub/session/74fbf2b1-2ec0-4ec0-8359-cd456c4fdb8b/element/00000000-0000-0491-ffff-ffff000000a3/click [39m[32m200[39m [90m102 ms - 14[39m [90m[39m
[38;5;94m[74fbf2b1][0m[38;5;86m[HTTP][0m [37m-->[39m [37mPOST[39m [37m/wd/hub/session/74fbf2b1-2ec0-4ec0-8359-cd456c4fdb8b/timeouts[39m [90m{"implicit":50}[39m
[38;5;94m[74fbf2b1][0m[38;5;86m[HTTP][0m [37m<-- POST /wd/hub/session/74fbf2b1-2ec0-4ec0-8359-cd456c4fdb8b/timeouts [39m[32m200[39m [90m4 ms - 14[39m [90m[39m
[38;5;94m[74fbf2b1][0m[38;5;86m[HTTP][0m [37m-->[39m [37mGET[39m [37m/wd/hub/session/74fbf2b1-2ec0-4ec0-8359-cd456c4fdb8b/window/rect[39m [90m{}[39m
[38;5;94m[74fbf2b1][0m[38;5;86m[HTTP][0m [37m<-- GET /wd/hub/session/74fbf2b1-2ec0-4ec0-8359-cd456c4fdb8b/window/rect [39m[32m200[39m [90m23 ms - 49[39m [90m[39m
[38;5;94m[74fbf2b1][0m[38;5;86m[HTTP][0m [37m-->[39m [37mPOST[39m [37m/wd/hub/session/74fbf2b1-2ec0-4ec0-8359-cd456c4fdb8b/elements[39m [90m{"using":"xpath","value":"//*[@class = 'android.widget.TextView' and (@text = 'Select a username and password from the list below, or click on the usernames to automatically populate the username and password.' or . = 'Select a username and password from the list below, or click on the usernames to automatically populate the username and password.')]"}[39m
[38;5;94m[74fbf2b1][0m[38;5;86m[HTTP][0m [37m<-- POST /wd/hub/session/74fbf2b1-2ec0-4ec0-8359-cd456c4fdb8b/elements [39m[32m200[39m [90m840 ms - 139[39m [90m[39m
[38;5;94m[74fbf2b1][0m[38;5;86m[HTTP][0m [37m-->[39m [37mGET[39m [37m/wd/hub/session/74fbf2b1-2ec0-4ec0-8359-cd456c4fdb8b/element/00000000-0000-0491-ffff-ffff000000be/location[39m [90m{}[39m
[38;5;94m[74fbf2b1][0m[38;5;-122m[AndroidUiautomator2Driver@c2c1][0m Driver proxy active, passing request on via HTTP proxy
[38;5;94m[74fbf2b1][0m[38;5;-122m[AndroidUiautomator2Driver@c2c1][0m Replacing sessionId 0603195c-edc5-4b97-9db5-21fbcdee34c0 with 74fbf2b1-2ec0-4ec0-8359-cd456c4fdb8b
[38;5;94m[74fbf2b1][0m[38;5;86m[HTTP][0m [37m<-- GET /wd/hub/session/74fbf2b1-2ec0-4ec0-8359-cd456c4fdb8b/element/00000000-0000-0491-ffff-ffff000000be/location [39m[32m200[39m [90m808 ms - 77[39m [90m[39m
[38;5;94m[74fbf2b1][0m[38;5;86m[HTTP][0m [37m-->[39m [37mPOST[39m [37m/wd/hub/session/74fbf2b1-2ec0-4ec0-8359-cd456c4fdb8b/timeouts[39m [90m{"implicit":30000}[39m
[38;5;94m[74fbf2b1][0m[38;5;86m[HTTP][0m [37m<-- POST /wd/hub/session/74fbf2b1-2ec0-4ec0-8359-cd456c4fdb8b/timeouts [39m[32m200[39m [90m2 ms - 14[39m [90m[39m
[38;5;94m[74fbf2b1][0m[38;5;86m[HTTP][0m [37m-->[39m [37mGET[39m [37m/wd/hub/session/74fbf2b1-2ec0-4ec0-8359-cd456c4fdb8b/context[39m [90m{}[39m
[38;5;94m[74fbf2b1][0m[38;5;86m[HTTP][0m [37m<-- GET /wd/hub/session/74fbf2b1-2ec0-4ec0-8359-cd456c4fdb8b/context [39m[32m200[39m [90m2 ms - 22[39m [90m[39m
[38;5;94m[74fbf2b1][0m[38;5;86m[HTTP][0m [37m-->[39m [37mGET[39m [37m/wd/hub/session/74fbf2b1-2ec0-4ec0-8359-cd456c4fdb8b/contexts[39m [90m{}[39m
[38;5;94m[74fbf2b1][0m[38;5;-122m[AndroidUiautomator2Driver@c2c1][0m Skipping the webview 'WEBVIEW_26716' at '@webview_devtools_remote_26716' since it has reported having zero pages
[38;5;94m[74fbf2b1][0m[38;5;86m[HTTP][0m [37m<-- GET /wd/hub/session/74fbf2b1-2ec0-4ec0-8359-cd456c4fdb8b/contexts [39m[32m200[39m [90m419 ms - 24[39m [90m[39m
[38;5;94m[74fbf2b1][0m[38;5;86m[HTTP][0m [37m-->[39m [37mPOST[39m [37m/wd/hub/session/74fbf2b1-2ec0-4ec0-8359-cd456c4fdb8b/context[39m [90m{"name":"NATIVE_APP"}[39m
[38;5;94m[74fbf2b1][0m[38;5;86m[HTTP][0m [37m<-- POST /wd/hub/session/74fbf2b1-2ec0-4ec0-8359-cd456c4fdb8b/context [39m[32m200[39m [90m1 ms - 14[39m [90m[39m
[38;5;94m[74fbf2b1][0m[38;5;86m[HTTP][0m [37m-->[39m [37mGET[39m [37m/wd/hub/session/74fbf2b1-2ec0-4ec0-8359-cd456c4fdb8b/screenshot[39m [90m{}[39m
[38;5;94m[74fbf2b1][0m[38;5;86m[HTTP][0m [37m<-- GET /wd/hub/session/74fbf2b1-2ec0-4ec0-8359-cd456c4fdb8b/screenshot [39m[32m200[39m [90m543 ms - 100792[39m [90m[39m
[38;5;94m[74fbf2b1][0m[38;5;86m[HTTP][0m [37m-->[39m [37mPOST[39m [37m/wd/hub/session/74fbf2b1-2ec0-4ec0-8359-cd456c4fdb8b/context[39m [90m{"name":"NATIVE_APP"}[39m
[38;5;94m[74fbf2b1][0m[38;5;86m[HTTP][0m [37m<-- POST /wd/hub/session/74fbf2b1-2ec0-4ec0-8359-cd456c4fdb8b/context [39m[32m200[39m [90m2 ms - 14[39m [90m[39m
[38;5;94m[74fbf2b1][0m[38;5;86m[HTTP][0m [37m-->[39m [37mPOST[39m [37m/wd/hub/session/74fbf2b1-2ec0-4ec0-8359-cd456c4fdb8b/timeouts[39m [90m{"implicit":50}[39m
[38;5;94m[74fbf2b1][0m[38;5;86m[HTTP][0m [37m<-- POST /wd/hub/session/74fbf2b1-2ec0-4ec0-8359-cd456c4fdb8b/timeouts [39m[32m200[39m [90m3 ms - 14[39m [90m[39m
[38;5;94m[74fbf2b1][0m[38;5;86m[HTTP][0m [37m-->[39m [37mGET[39m [37m/wd/hub/session/74fbf2b1-2ec0-4ec0-8359-cd456c4fdb8b/window/rect[39m [90m{}[39m
[38;5;94m[74fbf2b1][0m[38;5;86m[HTTP][0m [37m<-- GET /wd/hub/session/74fbf2b1-2ec0-4ec0-8359-cd456c4fdb8b/window/rect [39m[32m200[39m [90m19 ms - 49[39m [90m[39m
[38;5;94m[74fbf2b1][0m[38;5;86m[HTTP][0m [37m-->[39m [37mPOST[39m [37m/wd/hub/session/74fbf2b1-2ec0-4ec0-8359-cd456c4fdb8b/elements[39m [90m{"using":"xpath","value":"//hierarchy/android.widget.FrameLayout[1]/android.widget.LinearLayout[1]/android.widget.FrameLayout[1]/android.widget.LinearLayout[1]/android.widget.FrameLayout[1]/android.widget.FrameLayout[1]/android.view.ViewGroup[1]/android.view.ViewGroup[1]/android.view.ViewGroup[1]/android.view.ViewGroup[1]/android.view.ViewGroup[1]/android.view.ViewGroup[1]/android.widget.FrameLayout[1]/android.view.ViewGroup[1]/android.view.ViewGroup[1]/android.view.ViewGroup[1]/android.view.ViewGroup[1]/android.view.ViewGroup[1]/android.widget.FrameLayout[1]/android.view.ViewGroup[1]/android.view.ViewGroup[1]/android.view.ViewGroup[2]/android.view.ViewGroup[1]/android.view.ViewGroup[1]/android.view.ViewGroup[2]/android.widget.ScrollView[1]/android.view.ViewGroup[1]/android.widget.EditText[1]"}[39m
[38;5;94m[74fbf2b1][0m[38;5;86m[HTTP][0m [37m<-- POST /wd/hub/session/74fbf2b1-2ec0-4ec0-8359-cd456c4fdb8b/elements [39m[32m200[39m [90m229 ms - 139[39m [90m[39m
[38;5;94m[74fbf2b1][0m[38;5;86m[HTTP][0m [37m-->[39m [37mGET[39m [37m/wd/hub/session/74fbf2b1-2ec0-4ec0-8359-cd456c4fdb8b/element/00000000-0000-0491-ffff-ffff000000c0/location[39m [90m{}[39m
[38;5;94m[74fbf2b1][0m[38;5;-122m[AndroidUiautomator2Driver@c2c1][0m Driver proxy active, passing request on via HTTP proxy
[38;5;94m[74fbf2b1][0m[38;5;-122m[AndroidUiautomator2Driver@c2c1][0m Replacing sessionId 0603195c-edc5-4b97-9db5-21fbcdee34c0 with 74fbf2b1-2ec0-4ec0-8359-cd456c4fdb8b
[38;5;94m[74fbf2b1][0m[38;5;86m[HTTP][0m [37m<-- GET /wd/hub/session/74fbf2b1-2ec0-4ec0-8359-cd456c4fdb8b/element/00000000-0000-0491-ffff-ffff000000c0/location [39m[32m200[39m [90m28 ms - 77[39m [90m[39m
[38;5;94m[74fbf2b1][0m[38;5;86m[HTTP][0m [37m-->[39m [37mPOST[39m [37m/wd/hub/session/74fbf2b1-2ec0-4ec0-8359-cd456c4fdb8b/timeouts[39m [90m{"implicit":30000}[39m
[38;5;94m[74fbf2b1][0m[38;5;86m[HTTP][0m [37m<-- POST /wd/hub/session/74fbf2b1-2ec0-4ec0-8359-cd456c4fdb8b/timeouts [39m[32m200[39m [90m1 ms - 14[39m [90m[39m
[38;5;94m[74fbf2b1][0m[38;5;86m[HTTP][0m [37m-->[39m [37mPOST[39m [37m/wd/hub/session/74fbf2b1-2ec0-4ec0-8359-cd456c4fdb8b/element/00000000-0000-0491-ffff-ffff000000c0/clear[39m [90m{"id":"00000000-0000-0491-ffff-ffff000000c0"}[39m
[38;5;94m[74fbf2b1][0m[38;5;86m[HTTP][0m [37m<-- POST /wd/hub/session/74fbf2b1-2ec0-4ec0-8359-cd456c4fdb8b/element/00000000-0000-0491-ffff-ffff000000c0/clear [39m[32m200[39m [90m35 ms - 14[39m [90m[39m
[38;5;94m[74fbf2b1][0m[38;5;86m[HTTP][0m [37m-->[39m [37mPOST[39m [37m/wd/hub/session/74fbf2b1-2ec0-4ec0-8359-cd456c4fdb8b/element/00000000-0000-0491-ffff-ffff000000c0/click[39m [90m{"id":"00000000-0000-0491-ffff-ffff000000c0"}[39m
[38;5;94m[74fbf2b1][0m[38;5;86m[HTTP][0m [37m<-- POST /wd/hub/session/74fbf2b1-2ec0-4ec0-8359-cd456c4fdb8b/element/00000000-0000-0491-ffff-ffff000000c0/click [39m[32m200[39m [90m1376 ms - 14[39m [90m[39m
[38;5;94m[74fbf2b1][0m[38;5;86m[HTTP][0m [37m-->[39m [37mPOST[39m [37m/wd/hub/session/74fbf2b1-2ec0-4ec0-8359-cd456c4fdb8b/element/00000000-0000-0491-ffff-ffff000000c0/value[39m [90m{"id":"00000000-0000-0491-ffff-ffff000000c0","text":"bob@example.com","value":["b","o","b","@","e","x","a","m","p","l","e",".","c","o","m"]}[39m
[38;5;94m[74fbf2b1][0m[38;5;86m[HTTP][0m [37m<-- POST /wd/hub/session/74fbf2b1-2ec0-4ec0-8359-cd456c4fdb8b/element/00000000-0000-0491-ffff-ffff000000c0/value [39m[32m200[39m [90m82 ms - 14[39m [90m[39m
[38;5;94m[74fbf2b1][0m[38;5;86m[HTTP][0m [37m-->[39m [37mPOST[39m [37m/wd/hub/session/74fbf2b1-2ec0-4ec0-8359-cd456c4fdb8b/timeouts[39m [90m{"implicit":50}[39m
[38;5;94m[74fbf2b1][0m[38;5;86m[HTTP][0m [37m<-- POST /wd/hub/session/74fbf2b1-2ec0-4ec0-8359-cd456c4fdb8b/timeouts [39m[32m200[39m [90m2 ms - 14[39m [90m[39m
[38;5;94m[74fbf2b1][0m[38;5;86m[HTTP][0m [37m-->[39m [37mGET[39m [37m/wd/hub/session/74fbf2b1-2ec0-4ec0-8359-cd456c4fdb8b/window/rect[39m [90m{}[39m
[38;5;94m[74fbf2b1][0m[38;5;86m[HTTP][0m [37m<-- GET /wd/hub/session/74fbf2b1-2ec0-4ec0-8359-cd456c4fdb8b/window/rect [39m[32m200[39m [90m18 ms - 49[39m [90m[39m
[38;5;94m[74fbf2b1][0m[38;5;86m[HTTP][0m [37m-->[39m [37mPOST[39m [37m/wd/hub/session/74fbf2b1-2ec0-4ec0-8359-cd456c4fdb8b/elements[39m [90m{"using":"xpath","value":"//hierarchy/android.widget.FrameLayout[1]/android.widget.LinearLayout[1]/android.widget.FrameLayout[1]/android.widget.LinearLayout[1]/android.widget.FrameLayout[1]/android.widget.FrameLayout[1]/android.view.ViewGroup[1]/android.view.ViewGroup[1]/android.view.ViewGroup[1]/android.view.ViewGroup[1]/android.view.ViewGroup[1]/android.view.ViewGroup[1]/android.widget.FrameLayout[1]/android.view.ViewGroup[1]/android.view.ViewGroup[1]/android.view.ViewGroup[1]/android.view.ViewGroup[1]/android.view.ViewGroup[1]/android.widget.FrameLayout[1]/android.view.ViewGroup[1]/android.view.ViewGroup[1]/android.view.ViewGroup[2]/android.view.ViewGroup[1]/android.view.ViewGroup[1]/android.view.ViewGroup[2]/android.widget.ScrollView[1]/android.view.ViewGroup[1]/android.widget.EditText[2]"}[39m
[38;5;94m[74fbf2b1][0m[38;5;86m[HTTP][0m [37m<-- POST /wd/hub/session/74fbf2b1-2ec0-4ec0-8359-cd456c4fdb8b/elements [39m[32m200[39m [90m783 ms - 139[39m [90m[39m
[38;5;94m[74fbf2b1][0m[38;5;86m[HTTP][0m [37m-->[39m [37mGET[39m [37m/wd/hub/session/74fbf2b1-2ec0-4ec0-8359-cd456c4fdb8b/element/00000000-0000-0491-ffff-ffff000000c3/location[39m [90m{}[39m
[38;5;94m[74fbf2b1][0m[38;5;-122m[AndroidUiautomator2Driver@c2c1][0m Driver proxy active, passing request on via HTTP proxy
[38;5;94m[74fbf2b1][0m[38;5;-122m[AndroidUiautomator2Driver@c2c1][0m Replacing sessionId 0603195c-edc5-4b97-9db5-21fbcdee34c0 with 74fbf2b1-2ec0-4ec0-8359-cd456c4fdb8b
[38;5;94m[74fbf2b1][0m[38;5;86m[HTTP][0m [37m<-- GET /wd/hub/session/74fbf2b1-2ec0-4ec0-8359-cd456c4fdb8b/element/00000000-0000-0491-ffff-ffff000000c3/location [39m[32m200[39m [90m28 ms - 77[39m [90m[39m
[38;5;94m[74fbf2b1][0m[38;5;86m[HTTP][0m [37m-->[39m [37mPOST[39m [37m/wd/hub/session/74fbf2b1-2ec0-4ec0-8359-cd456c4fdb8b/timeouts[39m [90m{"implicit":30000}[39m
[38;5;94m[74fbf2b1][0m[38;5;86m[HTTP][0m [37m<-- POST /wd/hub/session/74fbf2b1-2ec0-4ec0-8359-cd456c4fdb8b/timeouts [39m[32m200[39m [90m1 ms - 14[39m [90m[39m
[38;5;94m[74fbf2b1][0m[38;5;86m[HTTP][0m [37m-->[39m [37mPOST[39m [37m/wd/hub/session/74fbf2b1-2ec0-4ec0-8359-cd456c4fdb8b/element/00000000-0000-0491-ffff-ffff000000c3/clear[39m [90m{"id":"00000000-0000-0491-ffff-ffff000000c3"}[39m
[38;5;94m[74fbf2b1][0m[38;5;86m[HTTP][0m [37m<-- POST /wd/hub/session/74fbf2b1-2ec0-4ec0-8359-cd456c4fdb8b/element/00000000-0000-0491-ffff-ffff000000c3/clear [39m[32m200[39m [90m32 ms - 14[39m [90m[39m
[38;5;94m[74fbf2b1][0m[38;5;86m[HTTP][0m [37m-->[39m [37mPOST[39m [37m/wd/hub/session/74fbf2b1-2ec0-4ec0-8359-cd456c4fdb8b/element/00000000-0000-0491-ffff-ffff000000c3/value[39m [90m{"id":"00000000-0000-0491-ffff-ffff000000c3","text":"10203040","value":["1","0","2","0","3","0","4","0"]}[39m
[38;5;94m[74fbf2b1][0m[38;5;86m[HTTP][0m [37m<-- POST /wd/hub/session/74fbf2b1-2ec0-4ec0-8359-cd456c4fdb8b/element/00000000-0000-0491-ffff-ffff000000c3/value [39m[32m200[39m [90m518 ms - 14[39m [90m[39m
[38;5;94m[74fbf2b1][0m[38;5;86m[HTTP][0m [37m-->[39m [37mGET[39m [37m/wd/hub/session/74fbf2b1-2ec0-4ec0-8359-cd456c4fdb8b/context[39m [90m{}[39m
[38;5;94m[74fbf2b1][0m[38;5;86m[HTTP][0m [37m<-- GET /wd/hub/session/74fbf2b1-2ec0-4ec0-8359-cd456c4fdb8b/context [39m[32m200[39m [90m2 ms - 22[39m [90m[39m
[38;5;94m[74fbf2b1][0m[38;5;86m[HTTP][0m [37m-->[39m [37mGET[39m [37m/wd/hub/session/74fbf2b1-2ec0-4ec0-8359-cd456c4fdb8b/contexts[39m [90m{}[39m
[38;5;94m[74fbf2b1][0m[38;5;-122m[AndroidUiautomator2Driver@c2c1][0m Skipping the webview 'WEBVIEW_26716' at '@webview_devtools_remote_26716' since it has reported having zero pages
[38;5;94m[74fbf2b1][0m[38;5;86m[HTTP][0m [37m<-- GET /wd/hub/session/74fbf2b1-2ec0-4ec0-8359-cd456c4fdb8b/contexts [39m[32m200[39m [90m371 ms - 24[39m [90m[39m
[38;5;94m[74fbf2b1][0m[38;5;86m[HTTP][0m [37m-->[39m [37mPOST[39m [37m/wd/hub/session/74fbf2b1-2ec0-4ec0-8359-cd456c4fdb8b/context[39m [90m{"name":"NATIVE_APP"}[39m
[38;5;94m[74fbf2b1][0m[38;5;86m[HTTP][0m [37m<-- POST /wd/hub/session/74fbf2b1-2ec0-4ec0-8359-cd456c4fdb8b/context [39m[32m200[39m [90m2 ms - 14[39m [90m[39m
[38;5;94m[74fbf2b1][0m[38;5;86m[HTTP][0m [37m-->[39m [37mPOST[39m [37m/wd/hub/session/74fbf2b1-2ec0-4ec0-8359-cd456c4fdb8b/appium/device/hide_keyboard[39m [90m{}[39m
[38;5;94m[74fbf2b1][0m[38;5;86m[HTTP][0m [37m<-- POST /wd/hub/session/74fbf2b1-2ec0-4ec0-8359-cd456c4fdb8b/appium/device/hide_keyboard [39m[32m200[39m [90m2499 ms - 14[39m [90m[39m
[38;5;94m[74fbf2b1][0m[38;5;86m[HTTP][0m [37m-->[39m [37mPOST[39m [37m/wd/hub/session/74fbf2b1-2ec0-4ec0-8359-cd456c4fdb8b/context[39m [90m{"name":"NATIVE_APP"}[39m
[38;5;94m[74fbf2b1][0m[38;5;86m[HTTP][0m [37m<-- POST /wd/hub/session/74fbf2b1-2ec0-4ec0-8359-cd456c4fdb8b/context [39m[32m200[39m [90m2 ms - 14[39m [90m[39m
[38;5;94m[74fbf2b1][0m[38;5;86m[HTTP][0m [37m-->[39m [37mGET[39m [37m/wd/hub/session/74fbf2b1-2ec0-4ec0-8359-cd456c4fdb8b/context[39m [90m{}[39m
[38;5;94m[74fbf2b1][0m[38;5;86m[HTTP][0m [37m<-- GET /wd/hub/session/74fbf2b1-2ec0-4ec0-8359-cd456c4fdb8b/context [39m[32m200[39m [90m1 ms - 22[39m [90m[39m
[38;5;94m[74fbf2b1][0m[38;5;86m[HTTP][0m [37m-->[39m [37mGET[39m [37m/wd/hub/session/74fbf2b1-2ec0-4ec0-8359-cd456c4fdb8b/contexts[39m [90m{}[39m
[38;5;94m[74fbf2b1][0m[38;5;-122m[AndroidUiautomator2Driver@c2c1][0m Skipping the webview 'WEBVIEW_26716' at '@webview_devtools_remote_26716' since it has reported having zero pages
[38;5;94m[74fbf2b1][0m[38;5;86m[HTTP][0m [37m<-- GET /wd/hub/session/74fbf2b1-2ec0-4ec0-8359-cd456c4fdb8b/contexts [39m[32m200[39m [90m384 ms - 24[39m [90m[39m
[38;5;94m[74fbf2b1][0m[38;5;86m[HTTP][0m [37m-->[39m [37mPOST[39m [37m/wd/hub/session/74fbf2b1-2ec0-4ec0-8359-cd456c4fdb8b/context[39m [90m{"name":"NATIVE_APP"}[39m
[38;5;94m[74fbf2b1][0m[38;5;86m[HTTP][0m [37m<-- POST /wd/hub/session/74fbf2b1-2ec0-4ec0-8359-cd456c4fdb8b/context [39m[32m200[39m [90m1 ms - 14[39m [90m[39m
[38;5;94m[74fbf2b1][0m[38;5;86m[HTTP][0m [37m-->[39m [37mGET[39m [37m/wd/hub/session/74fbf2b1-2ec0-4ec0-8359-cd456c4fdb8b/screenshot[39m [90m{}[39m
[38;5;94m[74fbf2b1][0m[38;5;86m[HTTP][0m [37m<-- GET /wd/hub/session/74fbf2b1-2ec0-4ec0-8359-cd456c4fdb8b/screenshot [39m[32m200[39m [90m529 ms - 109008[39m [90m[39m
[38;5;94m[74fbf2b1][0m[38;5;86m[HTTP][0m [37m-->[39m [37mPOST[39m [37m/wd/hub/session/74fbf2b1-2ec0-4ec0-8359-cd456c4fdb8b/context[39m [90m{"name":"NATIVE_APP"}[39m
[38;5;94m[74fbf2b1][0m[38;5;86m[HTTP][0m [37m<-- POST /wd/hub/session/74fbf2b1-2ec0-4ec0-8359-cd456c4fdb8b/context [39m[32m200[39m [90m2 ms - 14[39m [90m[39m
[38;5;94m[74fbf2b1][0m[38;5;86m[HTTP][0m [37m-->[39m [37mPOST[39m [37m/wd/hub/session/74fbf2b1-2ec0-4ec0-8359-cd456c4fdb8b/timeouts[39m [90m{"implicit":50}[39m
[38;5;94m[74fbf2b1][0m[38;5;86m[HTTP][0m [37m<-- POST /wd/hub/session/74fbf2b1-2ec0-4ec0-8359-cd456c4fdb8b/timeouts [39m[32m200[39m [90m3 ms - 14[39m [90m[39m
[38;5;94m[74fbf2b1][0m[38;5;86m[HTTP][0m [37m-->[39m [37mGET[39m [37m/wd/hub/session/74fbf2b1-2ec0-4ec0-8359-cd456c4fdb8b/window/rect[39m [90m{}[39m
[38;5;94m[74fbf2b1][0m[38;5;86m[HTTP][0m [37m<-- GET /wd/hub/session/74fbf2b1-2ec0-4ec0-8359-cd456c4fdb8b/window/rect [39m[32m200[39m [90m20 ms - 49[39m [90m[39m
[38;5;94m[74fbf2b1][0m[38;5;86m[HTTP][0m [37m-->[39m [37mPOST[39m [37m/wd/hub/session/74fbf2b1-2ec0-4ec0-8359-cd456c4fdb8b/elements[39m [90m{"using":"xpath","value":"//hierarchy/android.widget.FrameLayout[1]/android.widget.LinearLayout[1]/android.widget.FrameLayout[1]/android.widget.LinearLayout[1]/android.widget.FrameLayout[1]/android.widget.FrameLayout[1]/android.view.ViewGroup[1]/android.view.ViewGroup[1]/android.view.ViewGroup[1]/android.view.ViewGroup[1]/android.view.ViewGroup[1]/android.view.ViewGroup[1]/android.widget.FrameLayout[1]/android.view.ViewGroup[1]/android.view.ViewGroup[1]/android.view.ViewGroup[1]/android.view.ViewGroup[1]/android.view.ViewGroup[1]/android.widget.FrameLayout[1]/android.view.ViewGroup[1]/android.view.ViewGroup[1]/android.view.ViewGroup[2]/android.view.ViewGroup[1]/android.view.ViewGroup[1]/android.view.ViewGroup[2]/android.widget.ScrollView[1]/android.view.ViewGroup[1]/android.view.ViewGroup[5]"}[39m
[38;5;94m[74fbf2b1][0m[38;5;86m[HTTP][0m [37m<-- POST /wd/hub/session/74fbf2b1-2ec0-4ec0-8359-cd456c4fdb8b/elements [39m[32m200[39m [90m215 ms - 139[39m [90m[39m
[38;5;94m[74fbf2b1][0m[38;5;86m[HTTP][0m [37m-->[39m [37mGET[39m [37m/wd/hub/session/74fbf2b1-2ec0-4ec0-8359-cd456c4fdb8b/element/00000000-0000-0491-ffff-ffff000000c6/location[39m [90m{}[39m
[38;5;94m[74fbf2b1][0m[38;5;-122m[AndroidUiautomator2Driver@c2c1][0m Driver proxy active, passing request on via HTTP proxy
[38;5;94m[74fbf2b1][0m[38;5;-122m[AndroidUiautomator2Driver@c2c1][0m Replacing sessionId 0603195c-edc5-4b97-9db5-21fbcdee34c0 with 74fbf2b1-2ec0-4ec0-8359-cd456c4fdb8b
[38;5;94m[74fbf2b1][0m[38;5;86m[HTTP][0m [37m<-- GET /wd/hub/session/74fbf2b1-2ec0-4ec0-8359-cd456c4fdb8b/element/00000000-0000-0491-ffff-ffff000000c6/location [39m[32m200[39m [90m25 ms - 78[39m [90m[39m
[38;5;94m[74fbf2b1][0m[38;5;86m[HTTP][0m [37m-->[39m [37mPOST[39m [37m/wd/hub/session/74fbf2b1-2ec0-4ec0-8359-cd456c4fdb8b/timeouts[39m [90m{"implicit":30000}[39m
[38;5;94m[74fbf2b1][0m[38;5;86m[HTTP][0m [37m<-- POST /wd/hub/session/74fbf2b1-2ec0-4ec0-8359-cd456c4fdb8b/timeouts [39m[32m200[39m [90m1 ms - 14[39m [90m[39m
[38;5;94m[74fbf2b1][0m[38;5;86m[HTTP][0m [37m-->[39m [37mPOST[39m [37m/wd/hub/session/74fbf2b1-2ec0-4ec0-8359-cd456c4fdb8b/element/00000000-0000-0491-ffff-ffff000000c6/click[39m [90m{"id":"00000000-0000-0491-ffff-ffff000000c6"}[39m
[38;5;94m[74fbf2b1][0m[38;5;86m[HTTP][0m [37m<-- POST /wd/hub/session/74fbf2b1-2ec0-4ec0-8359-cd456c4fdb8b/element/00000000-0000-0491-ffff-ffff000000c6/click [39m[32m200[39m [90m92 ms - 14[39m [90m[39m
[38;5;94m[74fbf2b1][0m[38;5;86m[HTTP][0m [37m-->[39m [37mPOST[39m [37m/wd/hub/session/74fbf2b1-2ec0-4ec0-8359-cd456c4fdb8b/timeouts[39m [90m{"implicit":50}[39m
[38;5;94m[74fbf2b1][0m[38;5;86m[HTTP][0m [37m<-- POST /wd/hub/session/74fbf2b1-2ec0-4ec0-8359-cd456c4fdb8b/timeouts [39m[32m200[39m [90m2 ms - 14[39m [90m[39m
[38;5;94m[74fbf2b1][0m[38;5;86m[HTTP][0m [37m-->[39m [37mGET[39m [37m/wd/hub/session/74fbf2b1-2ec0-4ec0-8359-cd456c4fdb8b/window/rect[39m [90m{}[39m
[38;5;94m[74fbf2b1][0m[38;5;86m[HTTP][0m [37m<-- GET /wd/hub/session/74fbf2b1-2ec0-4ec0-8359-cd456c4fdb8b/window/rect [39m[32m200[39m [90m15 ms - 49[39m [90m[39m
[38;5;94m[74fbf2b1][0m[38;5;86m[HTTP][0m [37m-->[39m [37mPOST[39m [37m/wd/hub/session/74fbf2b1-2ec0-4ec0-8359-cd456c4fdb8b/elements[39m [90m{"using":"xpath","value":"//*[@class = 'android.widget.TextView' and (@text = 'Products' or . = 'Products')]"}[39m
[38;5;94m[74fbf2b1][0m[38;5;86m[HTTP][0m [37m<-- POST /wd/hub/session/74fbf2b1-2ec0-4ec0-8359-cd456c4fdb8b/elements [39m[32m200[39m [90m218 ms - 12[39m [90m[39m
[38;5;94m[74fbf2b1][0m[38;5;86m[HTTP][0m [37m-->[39m [37mPOST[39m [37m/wd/hub/session/74fbf2b1-2ec0-4ec0-8359-cd456c4fdb8b/elements[39m [90m{"using":"xpath","value":"//*[@class = 'android.widget.TextView' and (@text = 'Products' or . = 'Products')]"}[39m
[38;5;94m[74fbf2b1][0m[38;5;86m[HTTP][0m [37m<-- POST /wd/hub/session/74fbf2b1-2ec0-4ec0-8359-cd456c4fdb8b/elements [39m[32m200[39m [90m206 ms - 12[39m [90m[39m
[38;5;94m[74fbf2b1][0m[38;5;86m[HTTP][0m [37m-->[39m [37mPOST[39m [37m/wd/hub/session/74fbf2b1-2ec0-4ec0-8359-cd456c4fdb8b/elements[39m [90m{"using":"xpath","value":"//*[@class = 'android.widget.TextView' and (@text = 'Products' or . = 'Products')]"}[39m
[38;5;94m[74fbf2b1][0m[38;5;86m[HTTP][0m [37m<-- POST /wd/hub/session/74fbf2b1-2ec0-4ec0-8359-cd456c4fdb8b/elements [39m[32m200[39m [90m522 ms - 139[39m [90m[39m
[38;5;94m[74fbf2b1][0m[38;5;86m[HTTP][0m [37m-->[39m [37mGET[39m [37m/wd/hub/session/74fbf2b1-2ec0-4ec0-8359-cd456c4fdb8b/element/00000000-0000-0491-ffff-ffff00000032/location[39m [90m{}[39m
[38;5;94m[74fbf2b1][0m[38;5;-122m[AndroidUiautomator2Driver@c2c1][0m Driver proxy active, passing request on via HTTP proxy
[38;5;94m[74fbf2b1][0m[38;5;-122m[AndroidUiautomator2Driver@c2c1][0m Replacing sessionId 0603195c-edc5-4b97-9db5-21fbcdee34c0 with 74fbf2b1-2ec0-4ec0-8359-cd456c4fdb8b
[38;5;94m[74fbf2b1][0m[38;5;86m[HTTP][0m [37m<-- GET /wd/hub/session/74fbf2b1-2ec0-4ec0-8359-cd456c4fdb8b/element/00000000-0000-0491-ffff-ffff00000032/location [39m[32m200[39m [90m146 ms - 77[39m [90m[39m
[38;5;94m[74fbf2b1][0m[38;5;86m[HTTP][0m [37m-->[39m [37mPOST[39m [37m/wd/hub/session/74fbf2b1-2ec0-4ec0-8359-cd456c4fdb8b/timeouts[39m [90m{"implicit":30000}[39m
[38;5;94m[74fbf2b1][0m[38;5;86m[HTTP][0m [37m<-- POST /wd/hub/session/74fbf2b1-2ec0-4ec0-8359-cd456c4fdb8b/timeouts [39m[32m200[39m [90m1 ms - 14[39m [90m[39m
[38;5;94m[74fbf2b1][0m[38;5;86m[HTTP][0m [37m-->[39m [37mPOST[39m [37m/wd/hub/session/74fbf2b1-2ec0-4ec0-8359-cd456c4fdb8b/timeouts[39m [90m{"implicit":50}[39m
[38;5;94m[74fbf2b1][0m[38;5;86m[HTTP][0m [37m<-- POST /wd/hub/session/74fbf2b1-2ec0-4ec0-8359-cd456c4fdb8b/timeouts [39m[32m200[39m [90m2 ms - 14[39m [90m[39m
[38;5;94m[74fbf2b1][0m[38;5;86m[HTTP][0m [37m-->[39m [37mGET[39m [37m/wd/hub/session/74fbf2b1-2ec0-4ec0-8359-cd456c4fdb8b/window/rect[39m [90m{}[39m
[38;5;94m[74fbf2b1][0m[38;5;86m[HTTP][0m [37m<-- GET /wd/hub/session/74fbf2b1-2ec0-4ec0-8359-cd456c4fdb8b/window/rect [39m[32m200[39m [90m17 ms - 49[39m [90m[39m
[38;5;94m[74fbf2b1][0m[38;5;86m[HTTP][0m [37m-->[39m [37mPOST[39m [37m/wd/hub/session/74fbf2b1-2ec0-4ec0-8359-cd456c4fdb8b/elements[39m [90m{"using":"xpath","value":"//*[@class = 'android.widget.ImageView' and (@text = '' or . = '')]"}[39m
[38;5;94m[74fbf2b1][0m[38;5;86m[HTTP][0m [37m<-- POST /wd/hub/session/74fbf2b1-2ec0-4ec0-8359-cd456c4fdb8b/elements [39m[32m200[39m [90m441 ms - 1035[39m [90m[39m
[38;5;94m[74fbf2b1][0m[38;5;86m[HTTP][0m [37m-->[39m [37mGET[39m [37m/wd/hub/session/74fbf2b1-2ec0-4ec0-8359-cd456c4fdb8b/element/00000000-0000-0491-ffff-ffff00000025/location[39m [90m{}[39m
[38;5;94m[74fbf2b1][0m[38;5;-122m[AndroidUiautomator2Driver@c2c1][0m Driver proxy active, passing request on via HTTP proxy
[38;5;94m[74fbf2b1][0m[38;5;-122m[AndroidUiautomator2Driver@c2c1][0m Replacing sessionId 0603195c-edc5-4b97-9db5-21fbcdee34c0 with 74fbf2b1-2ec0-4ec0-8359-cd456c4fdb8b
[38;5;94m[74fbf2b1][0m[38;5;86m[HTTP][0m [37m<-- GET /wd/hub/session/74fbf2b1-2ec0-4ec0-8359-cd456c4fdb8b/element/00000000-0000-0491-ffff-ffff00000025/location [39m[32m200[39m [90m25 ms - 76[39m [90m[39m
[38;5;94m[74fbf2b1][0m[38;5;86m[HTTP][0m [37m-->[39m [37mPOST[39m [37m/wd/hub/session/74fbf2b1-2ec0-4ec0-8359-cd456c4fdb8b/timeouts[39m [90m{"implicit":30000}[39m
[38;5;94m[74fbf2b1][0m[38;5;86m[HTTP][0m [37m<-- POST /wd/hub/session/74fbf2b1-2ec0-4ec0-8359-cd456c4fdb8b/timeouts [39m[32m200[39m [90m2 ms - 14[39m [90m[39m
[38;5;94m[74fbf2b1][0m[38;5;86m[HTTP][0m [37m-->[39m [37mPOST[39m [37m/wd/hub/session/74fbf2b1-2ec0-4ec0-8359-cd456c4fdb8b/element/00000000-0000-0491-ffff-ffff00000025/click[39m [90m{"id":"00000000-0000-0491-ffff-ffff00000025"}[39m
[38;5;94m[74fbf2b1][0m[38;5;86m[HTTP][0m [37m<-- POST /wd/hub/session/74fbf2b1-2ec0-4ec0-8359-cd456c4fdb8b/element/00000000-0000-0491-ffff-ffff00000025/click [39m[32m200[39m [90m86 ms - 14[39m [90m[39m
[38;5;94m[74fbf2b1][0m[38;5;86m[HTTP][0m [37m-->[39m [37mGET[39m [37m/wd/hub/session/74fbf2b1-2ec0-4ec0-8359-cd456c4fdb8b/context[39m [90m{}[39m
[38;5;94m[74fbf2b1][0m[38;5;86m[HTTP][0m [37m<-- GET /wd/hub/session/74fbf2b1-2ec0-4ec0-8359-cd456c4fdb8b/context [39m[32m200[39m [90m2 ms - 22[39m [90m[39m
[38;5;94m[74fbf2b1][0m[38;5;86m[HTTP][0m [37m-->[39m [37mGET[39m [37m/wd/hub/session/74fbf2b1-2ec0-4ec0-8359-cd456c4fdb8b/contexts[39m [90m{}[39m
[38;5;94m[74fbf2b1][0m[38;5;-122m[AndroidUiautomator2Driver@c2c1][0m Skipping the webview 'WEBVIEW_26716' at '@webview_devtools_remote_26716' since it has reported having zero pages
[38;5;94m[74fbf2b1][0m[38;5;86m[HTTP][0m [37m<-- GET /wd/hub/session/74fbf2b1-2ec0-4ec0-8359-cd456c4fdb8b/contexts [39m[32m200[39m [90m468 ms - 24[39m [90m[39m
[38;5;94m[74fbf2b1][0m[38;5;86m[HTTP][0m [37m-->[39m [37mPOST[39m [37m/wd/hub/session/74fbf2b1-2ec0-4ec0-8359-cd456c4fdb8b/context[39m [90m{"name":"NATIVE_APP"}[39m
[38;5;94m[74fbf2b1][0m[38;5;86m[HTTP][0m [37m<-- POST /wd/hub/session/74fbf2b1-2ec0-4ec0-8359-cd456c4fdb8b/context [39m[32m200[39m [90m1 ms - 14[39m [90m[39m
[38;5;94m[74fbf2b1][0m[38;5;86m[HTTP][0m [37m-->[39m [37mGET[39m [37m/wd/hub/session/74fbf2b1-2ec0-4ec0-8359-cd456c4fdb8b/screenshot[39m [90m{}[39m
[38;5;94m[74fbf2b1][0m[38;5;86m[HTTP][0m [37m<-- GET /wd/hub/session/74fbf2b1-2ec0-4ec0-8359-cd456c4fdb8b/screenshot [39m[32m200[39m [90m761 ms - 359960[39m [90m[39m
[38;5;94m[74fbf2b1][0m[38;5;86m[HTTP][0m [37m-->[39m [37mPOST[39m [37m/wd/hub/session/74fbf2b1-2ec0-4ec0-8359-cd456c4fdb8b/context[39m [90m{"name":"NATIVE_APP"}[39m
[38;5;94m[74fbf2b1][0m[38;5;86m[HTTP][0m [37m<-- POST /wd/hub/session/74fbf2b1-2ec0-4ec0-8359-cd456c4fdb8b/context [39m[32m200[39m [90m2 ms - 14[39m [90m[39m
[38;5;94m[74fbf2b1][0m[38;5;86m[HTTP][0m [37m-->[39m [37mGET[39m [37m/wd/hub/session/74fbf2b1-2ec0-4ec0-8359-cd456c4fdb8b/context[39m [90m{}[39m
[38;5;94m[74fbf2b1][0m[38;5;86m[HTTP][0m [37m<-- GET /wd/hub/session/74fbf2b1-2ec0-4ec0-8359-cd456c4fdb8b/context [39m[32m200[39m [90m2 ms - 22[39m [90m[39m
[38;5;94m[74fbf2b1][0m[38;5;86m[HTTP][0m [37m-->[39m [37mGET[39m [37m/wd/hub/session/74fbf2b1-2ec0-4ec0-8359-cd456c4fdb8b/contexts[39m [90m{}[39m
[38;5;94m[74fbf2b1][0m[38;5;-122m[AndroidUiautomator2Driver@c2c1][0m Skipping the webview 'WEBVIEW_26716' at '@webview_devtools_remote_26716' since it has reported having zero pages
[38;5;94m[74fbf2b1][0m[38;5;86m[HTTP][0m [37m<-- GET /wd/hub/session/74fbf2b1-2ec0-4ec0-8359-cd456c4fdb8b/contexts [39m[32m200[39m [90m388 ms - 24[39m [90m[39m
[38;5;94m[74fbf2b1][0m[38;5;86m[HTTP][0m [37m-->[39m [37mPOST[39m [37m/wd/hub/session/74fbf2b1-2ec0-4ec0-8359-cd456c4fdb8b/context[39m [90m{"name":"NATIVE_APP"}[39m
[38;5;94m[74fbf2b1][0m[38;5;86m[HTTP][0m [37m<-- POST /wd/hub/session/74fbf2b1-2ec0-4ec0-8359-cd456c4fdb8b/context [39m[32m200[39m [90m2 ms - 14[39m [90m[39m
[38;5;94m[74fbf2b1][0m[38;5;86m[HTTP][0m [37m-->[39m [37mGET[39m [37m/wd/hub/session/74fbf2b1-2ec0-4ec0-8359-cd456c4fdb8b/appium/device/current_package[39m [90m{}[39m
[38;5;94m[74fbf2b1][0m[38;5;86m[HTTP][0m [37m<-- GET /wd/hub/session/74fbf2b1-2ec0-4ec0-8359-cd456c4fdb8b/appium/device/current_package [39m[32m200[39m [90m137 ms - 38[39m [90m[39m
[38;5;94m[74fbf2b1][0m[38;5;86m[HTTP][0m [37m-->[39m [37mPOST[39m [37m/wd/hub/session/74fbf2b1-2ec0-4ec0-8359-cd456c4fdb8b/appium/device/terminate_app[39m [90m{"bundleId":"com.saucelabs.mydemoapp.rn"}[39m
[38;5;94m[74fbf2b1][0m[38;5;-122m[AndroidUiautomator2Driver@c2c1][0m Terminating 'com.saucelabs.mydemoapp.rn'
[38;5;94m[74fbf2b1][0m[38;5;-122m[AndroidUiautomator2Driver@c2c1][0m Querying the state of 'com.saucelabs.mydemoapp.rn'
[38;5;94m[74fbf2b1][0m[38;5;-122m[AndroidUiautomator2Driver@c2c1][0m 'com.saucelabs.mydemoapp.rn' has been successfully terminated
[38;5;94m[74fbf2b1][0m[38;5;86m[HTTP][0m [37m<-- POST /wd/hub/session/74fbf2b1-2ec0-4ec0-8359-cd456c4fdb8b/appium/device/terminate_app [39m[32m200[39m [90m759 ms - 14[39m [90m[39m
[38;5;94m[74fbf2b1][0m[38;5;86m[HTTP][0m [37m-->[39m [37mPOST[39m [37m/wd/hub/session/74fbf2b1-2ec0-4ec0-8359-cd456c4fdb8b/context[39m [90m{"name":"NATIVE_APP"}[39m
[38;5;94m[74fbf2b1][0m[38;5;86m[HTTP][0m [37m<-- POST /wd/hub/session/74fbf2b1-2ec0-4ec0-8359-cd456c4fdb8b/context [39m[32m200[39m [90m1 ms - 14[39m [90m[39m
[38;5;94m[74fbf2b1][0m[38;5;86m[HTTP][0m [37m-->[39m [37mDELETE[39m [37m/wd/hub/session/74fbf2b1-2ec0-4ec0-8359-cd456c4fdb8b[39m [90m{}[39m
[38;5;94m[74fbf2b1][0m[38;5;91m[AppiumDriver@02ba][0m Removing session 74fbf2b1-2ec0-4ec0-8359-cd456c4fdb8b from our master session list
[38;5;94m[74fbf2b1][0m[38;5;229m[ADB][0m com.saucelabs.mydemoapp.rn was successfully uninstalled
[38;5;94m[74fbf2b1][0m[38;5;-122m[AndroidUiautomator2Driver@c2c1][0m Restoring hidden api policy to the device default configuration
[38;5;94m[74fbf2b1][0m[38;5;86m[HTTP][0m [37m<-- DELETE /wd/hub/session/74fbf2b1-2ec0-4ec0-8359-cd456c4fdb8b [39m[32m200[39m [90m2121 ms - 14[39m [90m[39m
